Looking for git in: git
Using git 2.7.4 from git
> git rev-parse --show-toplevel
> git config --get commit.template
Open repository: /home/pk/ToDo-App
> git status -z -u
> git symbolic-ref --short HEAD
> git rev-parse master
> git rev-parse --symbolic-full-name master@{u}
> git rev-list --left-right master...refs/remotes/origin/master
> git for-each-ref --format %(refname) %(objectname) --sort -committerdate
> git remote --verbose
> git show :src/app/user/user.component.ts
> git check-ignore -z --stdin
> git status -z -u
> git symbolic-ref --short HEAD
> git rev-parse master
> git show :src/app/user/user.component.ts
> git rev-parse --symbolic-full-name master@{u}
> git rev-list --left-right master...refs/remotes/origin/master
> git for-each-ref --format %(refname) %(objectname) --sort -committerdate
> git remote --verbose
> git show :src/app/auth/auth.guard.ts
> git check-ignore -z --stdin
> git show :src/app/auth.service.ts
> git show :src/app/user/user.component.html
> git show :src/app/auth/auth.guard.ts
> git show :src/app/auth.service.ts
> git show :src/app/auth/auth.guard.ts
> git check-ignore -z --stdin
> git show :src/app/auth.service.ts
> git show :src/app/auth/auth.guard.ts
> git show :src/app/auth.service.ts
> git show :src/app/auth/auth.guard.ts
> git show :src/app/auth.service.ts
> git show :src/app/auth/auth.guard.ts
> git status -z -u
> git symbolic-ref --short HEAD
> git rev-parse master
> git rev-parse --symbolic-full-name master@{u}
> git rev-list --left-right master...refs/remotes/origin/master
> git for-each-ref --format %(refname) %(objectname) --sort -committerdate
> git remote --verbose
> git show :src/app/app.module.ts
> git show :src/app/auth/auth.guard.ts
> git check-ignore -z --stdin
> git check-ignore -z --stdin
> git show :src/environments/environment.ts
> git show :src/environments/environment.prod.ts
> git show :src/environments/environment.ts
> git show :src/environments/environment.prod.ts
> git show :src/environments/environment.ts
> git show :src/environments/environment.prod.ts
> git show :src/app/auth/auth.guard.ts
> git check-ignore -z --stdin
> git show :src/app/user/user.component.html
> git show :src/app/user/user.component.spec.ts
> git show :src/app/auth/auth.guard.ts
> git show :src/app/user/user.component.html
> git show :src/app/activity/activity.component.html
> git show :src/app/auth/auth.guard.ts
> git show :src/app/user/user.component.html
> git show :src/app/auth/auth.guard.ts
> git show :src/app/activity/activity.component.html
> git show :src/app/activity/login2.html
> git show :src/app/activity/activity.component.ts
> git show :src/app/user/user.component.html
> git show :src/app/auth/auth.guard.ts
> git show :src/app/app.module.ts
> git show :src/app/user/user.ts
> git show :src/app/user/user.component.ts
> git show :src/app/auth/auth.guard.ts
> git show :src/app/user/user.component.html
> git show :src/app/auth/auth.guard.ts
> git show :src/app/auth.service.ts
> git show :src/app/auth/auth.guard.ts
> git show :src/app/app.module.ts
> git show :src/app/user/user.component.ts
> git show :src/app/auth/auth.guard.ts
> git check-ignore -z --stdin
> git check-ignore -z --stdin
> git show :src/app/app.module.ts
> git show :src/app/auth/auth.guard.ts
> git show :src/app/user/user.component.html
> git show :src/app/auth/auth.guard.ts
> git rev-parse --show-toplevel
> git config --get commit.template
Open repository: /home/pk/ToDo
> git status -z -u
> git symbolic-ref --short HEAD
> git rev-parse master
> git rev-parse --symbolic-full-name master@{u}
> git rev-list --left-right master...refs/remotes/origin/master
> git for-each-ref --format %(refname) %(objectname) --sort -committerdate
> git remote --verbose
> git show :src/app/auth.service.ts
> git check-ignore -z --stdin
> git check-ignore -z --stdin
> git check-ignore -z --stdin
> git show :src/app/auth/auth.guard.ts
> git show :src/app/user/user.component.html
> git check-ignore -z --stdin
> git show :src/app/user/user.component.ts
> git check-ignore -z --stdin
> git show :src/app/user/user.component.html
> git check-ignore -z --stdin
> git check-ignore -z --stdin
> git show :src/app/auth.service.ts
> git show :src/app/user/user.component.html
> git show :src/app/auth.service.ts
> git show :src/app/auth/auth.guard.ts
> git show :src/app/auth.service.ts
> git status -z -u
> git symbolic-ref --short HEAD
> git rev-parse master
> git rev-parse --symbolic-full-name master@{u}
> git rev-list --left-right master...refs/remotes/origin/master
> git for-each-ref --format %(refname) %(objectname) --sort -committerdate
> git remote --verbose
> git show :src/app/auth/auth.guard.ts
> git check-ignore -z --stdin
> git check-ignore -z --stdin
> git show :src/app/auth.service.ts
> git show :src/app/user/user.component.ts
> git show :src/app/auth.service.ts
> git show :src/app/user/user.component.ts
> git show :src/app/activity/activity.component.css
> git check-ignore -z --stdin
> git show :src/app/user/user.component.ts
> git show :src/app/auth.service.ts
> git show :src/app/user/user.component.ts
> git show :src/app/user/user.component.html
> git show :src/app/app.module.ts
> git show :src/app/user/user.component.html
> git show :src/app/app.component.html
> git show :src/app/app.module.ts
> git show :src/app/user/user.component.html
> git show :src/app/app.component.html
> git show :src/app/app.component.ts
> git show :src/app/app.component.html
> git show :src/app/app.module.ts
> git show :src/app/auth/auth.guard.ts
> git show :src/app/auth.service.ts
> git show :src/app/app.component.ts
> git show :src/app/auth/auth.guard.ts
> git show :src/app/activity/activity.component.ts
> git show :src/app/activity/activity.component.css
> git show :src/app/activity/activity.component.html
> git show :src/app/user/user.component.html
> git show :src/app/activity/activity.component.html
> git show :src/app/activity/activity.component.css
> git show :src/app/activity/activity.component.html
> git show :src/app/activity/activity.component.css
> git show :src/app/activity/activity.component.html
> git show :src/app/activity/activity.component.css
> git show :src/app/activity/activity.component.html
> git show :src/app/activity/activity.component.css
> git show :src/app/activity/activity.component.html
> git show :src/app/activity/activity.component.css
> git show :src/app/user/user.component.html
> git show :src/app/user/user.component.css
> git show :src/app/user/user.component.html
> git show :src/app/user/user.component.spec.ts
> git show :src/app/user/user.component.css
> git show :src/app/user/user.component.html
> git show :src/app/user/user.component.css
> git show :src/app/user/user.component.html
> git show :src/app/user/user.component.css
> git show :src/app/activity/activity.component.html
> git show :src/app/activity/activity.component.css
> git show :src/app/user/user.component.html
> git show :src/app/user/user.component.css
> git show :src/app/user/user.component.html
> git show :src/app/user/user.component.css
> git show :src/app/user/user.component.html
> git show :src/app/app.component.html
> git show :src/app/app.component.css
> git show :src/app/user/user.component.html
> git show :src/app/user/user.component.css
> git show :src/app/user/user.component.html
> git show :src/app/user/user.component.css
> git show :src/app/activity/activity.component.html
> git show :src/app/activity/activity.component.spec.ts
> git show :src/app/activity/activity.component.css
> git show :src/app/activity/activity.component.html
> git show :src/app/activity/activity.component.spec.ts
> git show :src/app/activity/activity.component.ts
> git show :src/app/user/user.component.html
> git show :src/app/user/user.component.css
> git show :src/app/app.component.html
> git show :src/app/app.component.css
> git show :src/app/user/user.component.spec.ts
> git show :src/app/user/user.component.html
> git show :src/app/user/user.component.css
> git show :src/app/user/user.component.html
> git show :src/app/activity/activity.component.html
> git show :src/app/user/user.component.html
> git show :src/app/activity/activity.component.html
> git show :src/app/activity/activity.component.css
> git show :src/app/activity/activity.component.html
> git show :src/app/activity/activity.component.css
> git show :src/app/activity/activity.component.html
> git show :src/app/user/user.component.html
> git show :src/app/activity/activity.component.html
> git show :src/app/auth/auth.guard.spec.ts
> git show :src/app/user/user.component.html
> git show :src/app/user/user.component.ts
> git show :src/app/user/user.component.html
> git show :src/app/activity/activity.component.ts
> git show :src/app/user/user.ts
> git show :src/app/activity/activity.component.html
> git show :src/app/activity/activity.component.ts
> git show :src/app/user/user.component.html
> git show :src/app/activity/activity.component.html
> git show :src/app/activity/activity.component.ts
> git show :src/app/activity/activity.component.html
> git show :src/app/user/user.component.html
> git show :src/app/user/user.component.ts
> git show :src/app/user/user.component.html
> git show :src/app/user/user.component.ts
> git show :src/app/user/user.component.html
> git show :src/app/user/user.component.ts
> git show :src/app/user/user.component.html
> git show :src/app/activity/activity.component.html
> git show :src/app/user/user.component.html
> git show :src/app/activity/activity.component.html
> git show :src/app/activity/activity.component.css
> git show :src/app/activity/activity.component.spec.ts
> git show :src/app/activity/activity.component.html
> git show :src/app/activity/activity.component.css
> git show :src/app/activity/activity.component.spec.ts
> git show :src/app/activity/activity.component.html
> git show :src/app/app.component.html
> git show :src/app/user/user.component.html
> git show :src/app/user/user.component.css
> git show :src/app/activity/activity.component.css
> git show :src/app/user/user.component.html
> git show :src/app/app.component.css
> git show :src/app/app.component.html
> git show :src/app/activity/activity.component.html
> git show :src/app/activity/activity.component.css
> git show :src/app/app.component.html
> git show :src/app/app.component.css
> git show :src/app/user/user.component.ts
> git show :src/app/user/user.component.css
> git show :src/app/activity/activity.component.css
> git show :src/app/activity/activity.component.html
> git show :src/app/activity/activity.component.css
> git show :src/app/app.component.html
> git show :src/app/user/user.component.html
> git show :src/app/activity/activity.component.html
> git show :src/app/activity/activity.component.spec.ts
> git show :src/app/activity/activity.component.ts
> git show :src/app/activity/activity.component.html
> git show :src/app/activity/activity.component.css
> git show :src/app/activity/activity.component.html
> git show :src/app/activity/activity.component.css
> git show :src/app/activity/activity.component.html
> git show :src/app/user/user.component.html
> git show :src/app/activity/activity.component.html
> git show :src/app/activity/activity.component.spec.ts
> git show :src/app/activity/activity.component.ts
> git show :src/app/activity/activity.component.html
> git show :src/app/activity/activity.component.spec.ts
> git show :src/app/activity/activity.component.html
> git show :src/app/user/user.component.html
> git show :src/app/activity/activity.component.html
> git show :src/app/user/user.component.html
> git show :src/app/app.component.html
> git show :src/app/user/user.component.spec.ts
> git show :src/app/user/user.component.html
> git show :src/app/auth.service.ts
> git show :src/app/app.module.ts
> git show :src/app/app.component.ts
> git show :src/app/user/user.component.spec.ts
> git show :src/app/user/user.component.html
> git show :src/app/app.component.spec.ts
> git show :src/app/app.component.ts
> git show :src/app/user/user.component.spec.ts
> git show :src/app/user/user.component.ts
> git show :src/app/user/user.component.html
> git show :src/app/activity/activity.component.spec.ts
> git show :src/app/activity/activity.component.html
> git show :src/app/user/user.component.html
> git show :src/app/auth/auth.guard.ts
> git show :src/app/activity/activity.component.ts
> git show :src/app/user/user.component.ts
> git show :src/app/app.component.ts
> git show :src/app/app.module.ts
> git show :src/app/app.component.ts
> git show :src/app/app.module.ts
> git show :src/app/user/user.component.ts
> git show :src/app/user/user.component.html
> git show :src/app/user/user.component.css
> git show :src/app/activity/activity.component.css
> git show :src/app/activity/activity.component.html
> git show :src/app/activity/activity.component.spec.ts
> git show :src/app/activity/activity.component.css
> git show :src/app/user/user.component.css
> git show :src/app/app.component.css
> git show :src/app/user/user.component.html
> git show :src/app/activity/activity.component.html
> git show :src/app/activity/activity.component.css
> git show :src/app/activity/activity.component.ts
> git show :src/app/activity/activity.component.html
> git show :src/app/activity/activity.component.spec.ts
> git show :src/app/activity/activity.component.css
> git show :src/app/activity/activity.component.spec.ts
> git show :src/app/activity/activity.component.html
> git show :src/app/user/user.component.html
> git show :src/app/activity/activity.component.html
> git show :src/app/activity/activity.component.css
> git show :src/app/user/user.component.css
> git show :src/app/app-routing.module.ts
> git show :src/app/app.component.css
> git show :src/app/user/user.component.ts
> git show :src/app/user/user.component.html
> git show :src/app/activity/activity.component.spec.ts
> git show :src/app/activity/activity.component.ts
> git show :src/app/user/user.component.ts
> git show :src/app/auth/auth.guard.ts
> git show :src/app/auth.service.ts
> git show :src/app/activity/activity.component.ts
> git show :src/app/activity/activity.component.html
> git show :src/app/user/user.component.ts
> git show :src/app/user/user.component.html
> git show :src/app/activity/activity.component.html
> git show :src/app/activity/activity.component.css
> git show :src/app/activity/activity.component.spec.ts
> git show :src/app/activity/activity.component.ts
> git show :src/app/user/user.component.html
> git show :src/app/user/user.component.spec.ts
> git show :src/app/user/user.component.ts
> git show :src/app/activity/activity.component.ts
> git show :src/app/activity/activity.component.html
> git show :src/app/user/user.component.html
> git show :src/app/app.component.html
> git show :src/app/app.component.css
> git show :src/app/app.component.html
> git show :src/app/activity/activity.component.html
