[2019-05-01 10:00:31.846] [exthost] [info] extension host started
[2019-05-01 10:00:31.997] [exthost] [info] ExtensionService#_doActivateExtension vscode.extension-editing {"startup":false,"activationEvent":"onLanguage:typescript"}
[2019-05-01 10:00:31.997] [exthost] [info] ExtensionService#loadCommonJSModule /usr/share/code/resources/app/extensions/extension-editing/dist/extension
[2019-05-01 10:00:32.130] [exthost] [info] ExtensionService#_doActivateExtension vscode.typescript-language-features {"startup":false,"activationEvent":"onLanguage:typescript"}
[2019-05-01 10:00:32.130] [exthost] [info] ExtensionService#loadCommonJSModule /usr/share/code/resources/app/extensions/typescript-language-features/dist/extension
[2019-05-01 10:00:32.255] [exthost] [info] ExtensionService#_doActivateExtension vscode.debug-auto-launch {"startup":true,"activationEvent":"*"}
[2019-05-01 10:00:32.255] [exthost] [info] ExtensionService#loadCommonJSModule /usr/share/code/resources/app/extensions/debug-auto-launch/dist/extension
[2019-05-01 10:00:32.259] [exthost] [info] ExtensionService#_doActivateExtension vscode.emmet {"startup":true,"activationEvent":"*"}
[2019-05-01 10:00:32.259] [exthost] [info] ExtensionService#loadCommonJSModule /usr/share/code/resources/app/extensions/emmet/dist/extension
[2019-05-01 10:00:32.283] [exthost] [info] ExtensionService#_doActivateExtension vscode.git {"startup":true,"activationEvent":"*"}
[2019-05-01 10:00:32.283] [exthost] [info] ExtensionService#loadCommonJSModule /usr/share/code/resources/app/extensions/git/dist/main
[2019-05-01 10:00:32.428] [exthost] [info] ExtensionService#_doActivateExtension vscode.merge-conflict {"startup":true,"activationEvent":"*"}
[2019-05-01 10:00:32.428] [exthost] [info] ExtensionService#loadCommonJSModule /usr/share/code/resources/app/extensions/merge-conflict/dist/extension
[2019-05-01 10:00:32.436] [exthost] [info] eager extensions activated
[2019-05-01 10:00:42.773] [exthost] [info] ExtensionService#_doActivateExtension vscode.configuration-editing {"startup":false,"activationEvent":"onLanguage:jsonc"}
[2019-05-01 10:00:42.773] [exthost] [info] ExtensionService#loadCommonJSModule /usr/share/code/resources/app/extensions/configuration-editing/dist/extension
[2019-05-01 10:00:42.799] [exthost] [info] ExtensionService#_doActivateExtension vscode.json-language-features {"startup":false,"activationEvent":"onLanguage:jsonc"}
[2019-05-01 10:00:42.799] [exthost] [info] ExtensionService#loadCommonJSModule /usr/share/code/resources/app/extensions/json-language-features/client/dist/jsonMain
[2019-05-01 10:00:44.334] [exthost] [info] ExtensionService#_doActivateExtension vscode.html-language-features {"startup":false,"activationEvent":"onLanguage:html"}
[2019-05-01 10:00:44.334] [exthost] [info] ExtensionService#loadCommonJSModule /usr/share/code/resources/app/extensions/html-language-features/client/dist/htmlMain
[2019-05-01 15:07:01.170] [exthost] [error] [vscode.typescript-language-features] provider FAILED
[2019-05-01 15:07:01.171] [exthost] [error] Error: TypeScript Server Error (3.4.3)
Debug Failure. False expression: Token end is child end
Error: Debug Failure. False expression: Token end is child end
    at processChildNode (tsserver.js:109423:34)
    at tsserver.js:109370:21
    at visitNode (tsserver.js:16515:24)
    at Object.forEachChild (tsserver.js:16593:21)
    at processNode (tsserver.js:109369:20)
    at processChildNode (tsserver.js:109429:21)
    at processChildNodes (tsserver.js:109480:48)
    at tsserver.js:109372:21
    at visitNodes (tsserver.js:16520:24)
    at Object.forEachChild (tsserver.js:16655:24)
    at processNode (tsserver.js:109369:20)
    at processChildNode (tsserver.js:109429:21)
    at tsserver.js:109370:21
    at visitNode (tsserver.js:16515:24)
    at Object.forEachChild (tsserver.js:16580:21)
    at processNode (tsserver.js:109369:20)
    at processChildNode (tsserver.js:109429:21)
    at processChildNodes (tsserver.js:109480:48)
    at tsserver.js:109372:21
    at visitNodes (tsserver.js:16520:24)
    at Object.forEachChild (tsserver.js:16625:21)
    at processNode (tsserver.js:109369:20)
    at processChildNode (tsserver.js:109429:21)
    at tsserver.js:109370:21
    at visitNode (tsserver.js:16515:24)
    at Object.forEachChild (tsserver.js:16595:21)
    at processNode (tsserver.js:109369:20)
    at processChildNode (tsserver.js:109429:21)
    at processChildNodes (tsserver.js:109480:48)
    at tsserver.js:109372:21
    at visitNodes (tsserver.js:16520:24)
    at Object.forEachChild (tsserver.js:16655:24)
    at processNode (tsserver.js:109369:20)
    at formatSpanWorker (tsserver.js:109187:17)
    at tsserver.js:109151:140
    at Object.getFormattingScanner (tsserver.js:107957:23)
    at Object.formatNodeGivenIndentation (tsserver.js:109151:31)
    at getFormattedTextOfNode (tsserver.js:111155:45)
    at format (tsserver.js:111133:52)
    at computeNewText (tsserver.js:111136:23)
    at tsserver.js:111106:89
    at Array.map (<anonymous>)
    at tsserver.js:111105:50
    at Array.map (<anonymous>)
    at Object.getTextChangesFromChanges (tsserver.js:111091:86)
    at ChangeTracker.getChanges (tsserver.js:111061:45)
    at Function.ChangeTracker.with (tsserver.js:110604:32)
    at Object.getCodeActions (tsserver.js:111943:64)
    at tsserver.js:111589:121
    at Object.flatMap (tsserver.js:571:25)
    at Object.getFixes (tsserver.js:111589:23)
    at tsserver.js:121238:35
    at Object.flatMap (tsserver.js:571:25)
    at Object.getCodeFixesAtPosition (tsserver.js:121236:23)
    at IOSession.Session.getCodeFixes (tsserver.js:130280:64)
    at Session.handlers.ts.createMapFromTemplate._a.(anonymous function) (tsserver.js:129036:61)
    at tsserver.js:130454:88
    at IOSession.Session.executeWithRequestId (tsserver.js:130445:28)
    at IOSession.Session.executeCommand (tsserver.js:130454:33)
    at IOSession.Session.onMessage (tsserver.js:130476:35)
    at Interface.<anonymous> (tsserver.js:131773:27)
    at Interface.emit (events.js:182:13)
    at Interface._onLine (readline.js:290:10)
    at Interface._normalWrite (readline.js:433:12)
    at Socket.ondata (readline.js:149:10)
    at Socket.emit (events.js:182:13)
    at addChunk (_stream_readable.js:279:12)
    at readableAddChunk (_stream_readable.js:264:11)
    at Socket.Readable.push (_stream_readable.js:219:10)
    at Pipe.onread (net.js:636:20)
	at Function.create (/usr/share/code/resources/app/extensions/typescript-language-features/dist/extension.js:1:174464)
	at v.dispatchResponse (/usr/share/code/resources/app/extensions/typescript-language-features/dist/extension.js:1:179770)
	at v.dispatchMessage (/usr/share/code/resources/app/extensions/typescript-language-features/dist/extension.js:1:178522)
	at constructor._reader.onData.e (/usr/share/code/resources/app/extensions/typescript-language-features/dist/extension.js:1:177878)
	at u.fire (/usr/share/code/resources/app/out/vs/workbench/services/extensions/node/extensionHostProcess.js:44:708)
	at t.Reader.onLengthData (/usr/share/code/resources/app/extensions/typescript-language-features/dist/extension.js:1:183738)
	at Socket.t.Reader.constructor.e.on.e (/usr/share/code/resources/app/extensions/typescript-language-features/dist/extension.js:1:183386)
	at Socket.emit (events.js:182:13)
	at addChunk (_stream_readable.js:279:12)
	at readableAddChunk (_stream_readable.js:264:11)
	at Socket.Readable.push (_stream_readable.js:219:10)
	at Pipe.onread (net.js:636:20)
[2019-05-01 15:17:33.706] [exthost] [error] [vscode.typescript-language-features] provider FAILED
[2019-05-01 15:17:33.706] [exthost] [error] Error: TypeScript Server Error (3.4.3)
Debug Failure. False expression: Token end is child end
Error: Debug Failure. False expression: Token end is child end
    at processChildNode (tsserver.js:109423:34)
    at tsserver.js:109370:21
    at visitNode (tsserver.js:16515:24)
    at Object.forEachChild (tsserver.js:16593:21)
    at processNode (tsserver.js:109369:20)
    at processChildNode (tsserver.js:109429:21)
    at processChildNodes (tsserver.js:109480:48)
    at tsserver.js:109372:21
    at visitNodes (tsserver.js:16520:24)
    at Object.forEachChild (tsserver.js:16655:24)
    at processNode (tsserver.js:109369:20)
    at processChildNode (tsserver.js:109429:21)
    at tsserver.js:109370:21
    at visitNode (tsserver.js:16515:24)
    at Object.forEachChild (tsserver.js:16580:21)
    at processNode (tsserver.js:109369:20)
    at processChildNode (tsserver.js:109429:21)
    at processChildNodes (tsserver.js:109480:48)
    at tsserver.js:109372:21
    at visitNodes (tsserver.js:16520:24)
    at Object.forEachChild (tsserver.js:16625:21)
    at processNode (tsserver.js:109369:20)
    at processChildNode (tsserver.js:109429:21)
    at tsserver.js:109370:21
    at visitNode (tsserver.js:16515:24)
    at Object.forEachChild (tsserver.js:16595:21)
    at processNode (tsserver.js:109369:20)
    at processChildNode (tsserver.js:109429:21)
    at processChildNodes (tsserver.js:109480:48)
    at tsserver.js:109372:21
    at visitNodes (tsserver.js:16520:24)
    at Object.forEachChild (tsserver.js:16655:24)
    at processNode (tsserver.js:109369:20)
    at formatSpanWorker (tsserver.js:109187:17)
    at tsserver.js:109151:140
    at Object.getFormattingScanner (tsserver.js:107957:23)
    at Object.formatNodeGivenIndentation (tsserver.js:109151:31)
    at getFormattedTextOfNode (tsserver.js:111155:45)
    at format (tsserver.js:111133:52)
    at computeNewText (tsserver.js:111136:23)
    at tsserver.js:111106:89
    at Array.map (<anonymous>)
    at tsserver.js:111105:50
    at Array.map (<anonymous>)
    at Object.getTextChangesFromChanges (tsserver.js:111091:86)
    at ChangeTracker.getChanges (tsserver.js:111061:45)
    at Function.ChangeTracker.with (tsserver.js:110604:32)
    at Object.getCodeActions (tsserver.js:111943:64)
    at tsserver.js:111589:121
    at Object.flatMap (tsserver.js:571:25)
    at Object.getFixes (tsserver.js:111589:23)
    at tsserver.js:121238:35
    at Object.flatMap (tsserver.js:571:25)
    at Object.getCodeFixesAtPosition (tsserver.js:121236:23)
    at IOSession.Session.getCodeFixes (tsserver.js:130280:64)
    at Session.handlers.ts.createMapFromTemplate._a.(anonymous function) (tsserver.js:129036:61)
    at tsserver.js:130454:88
    at IOSession.Session.executeWithRequestId (tsserver.js:130445:28)
    at IOSession.Session.executeCommand (tsserver.js:130454:33)
    at IOSession.Session.onMessage (tsserver.js:130476:35)
    at Interface.<anonymous> (tsserver.js:131773:27)
    at Interface.emit (events.js:182:13)
    at Interface._onLine (readline.js:290:10)
    at Interface._normalWrite (readline.js:433:12)
    at Socket.ondata (readline.js:149:10)
    at Socket.emit (events.js:182:13)
    at addChunk (_stream_readable.js:279:12)
    at readableAddChunk (_stream_readable.js:264:11)
    at Socket.Readable.push (_stream_readable.js:219:10)
    at Pipe.onread (net.js:636:20)
	at Function.create (/usr/share/code/resources/app/extensions/typescript-language-features/dist/extension.js:1:174464)
	at v.dispatchResponse (/usr/share/code/resources/app/extensions/typescript-language-features/dist/extension.js:1:179770)
	at v.dispatchMessage (/usr/share/code/resources/app/extensions/typescript-language-features/dist/extension.js:1:178522)
	at constructor._reader.onData.e (/usr/share/code/resources/app/extensions/typescript-language-features/dist/extension.js:1:177878)
	at u.fire (/usr/share/code/resources/app/out/vs/workbench/services/extensions/node/extensionHostProcess.js:44:708)
	at t.Reader.onLengthData (/usr/share/code/resources/app/extensions/typescript-language-features/dist/extension.js:1:183738)
	at Socket.t.Reader.constructor.e.on.e (/usr/share/code/resources/app/extensions/typescript-language-features/dist/extension.js:1:183386)
	at Socket.emit (events.js:182:13)
	at addChunk (_stream_readable.js:279:12)
	at readableAddChunk (_stream_readable.js:264:11)
	at Socket.Readable.push (_stream_readable.js:219:10)
	at Pipe.onread (net.js:636:20)
[2019-05-01 16:08:57.364] [exthost] [info] ExtensionService#_doActivateExtension vscode.debug-server-ready {"startup":false,"activationEvent":"onDebugResolve"}
[2019-05-01 16:08:57.364] [exthost] [info] ExtensionService#loadCommonJSModule /usr/share/code/resources/app/extensions/debug-server-ready/dist/extension
[2019-05-01 16:08:57.369] [exthost] [info] ExtensionService#_doActivateExtension ms-vscode.node-debug2 {"startup":false,"activationEvent":"onDebugResolve:node"}
[2019-05-01 16:08:57.369] [exthost] [info] ExtensionService#loadCommonJSModule /usr/share/code/resources/app/extensions/ms-vscode.node-debug2/out/src/extension
[2019-05-01 16:08:57.373] [exthost] [info] ExtensionService#_doActivateExtension ms-vscode.node-debug {"startup":false,"activationEvent":"onDebugResolve:node"}
[2019-05-01 16:08:57.373] [exthost] [info] ExtensionService#loadCommonJSModule /usr/share/code/resources/app/extensions/ms-vscode.node-debug/dist/extension.js
[2019-05-01 16:08:57.403] [exthost] [info] ExtensionService#_doActivateExtension vscode.grunt {"startup":false,"activationEvent":"onCommand:workbench.action.tasks.runTask"}
[2019-05-01 16:08:57.403] [exthost] [info] ExtensionService#loadCommonJSModule /usr/share/code/resources/app/extensions/grunt/dist/main
[2019-05-01 16:08:57.407] [exthost] [info] ExtensionService#_doActivateExtension vscode.gulp {"startup":false,"activationEvent":"onCommand:workbench.action.tasks.runTask"}
[2019-05-01 16:08:57.407] [exthost] [info] ExtensionService#loadCommonJSModule /usr/share/code/resources/app/extensions/gulp/dist/main
[2019-05-01 16:08:57.410] [exthost] [info] ExtensionService#_doActivateExtension vscode.jake {"startup":false,"activationEvent":"onCommand:workbench.action.tasks.runTask"}
[2019-05-01 16:08:57.410] [exthost] [info] ExtensionService#loadCommonJSModule /usr/share/code/resources/app/extensions/jake/dist/main
[2019-05-01 16:08:57.413] [exthost] [info] ExtensionService#_doActivateExtension vscode.npm {"startup":false,"activationEvent":"onCommand:workbench.action.tasks.runTask"}
[2019-05-01 16:08:57.413] [exthost] [info] ExtensionService#loadCommonJSModule /usr/share/code/resources/app/extensions/npm/dist/main
[2019-05-01 16:50:45.008] [exthost] [error] [vscode.typescript-language-features] provider FAILED
[2019-05-01 16:50:45.008] [exthost] [error] Error: TypeScript Server Error (3.4.3)
Debug Failure. False expression: Token end is child end
Error: Debug Failure. False expression: Token end is child end
    at processChildNode (tsserver.js:109423:34)
    at tsserver.js:109370:21
    at visitNode (tsserver.js:16515:24)
    at Object.forEachChild (tsserver.js:16593:21)
    at processNode (tsserver.js:109369:20)
    at processChildNode (tsserver.js:109429:21)
    at processChildNodes (tsserver.js:109480:48)
    at tsserver.js:109372:21
    at visitNodes (tsserver.js:16520:24)
    at Object.forEachChild (tsserver.js:16655:24)
    at processNode (tsserver.js:109369:20)
    at processChildNode (tsserver.js:109429:21)
    at tsserver.js:109370:21
    at visitNode (tsserver.js:16515:24)
    at Object.forEachChild (tsserver.js:16580:21)
    at processNode (tsserver.js:109369:20)
    at processChildNode (tsserver.js:109429:21)
    at processChildNodes (tsserver.js:109480:48)
    at tsserver.js:109372:21
    at visitNodes (tsserver.js:16520:24)
    at Object.forEachChild (tsserver.js:16625:21)
    at processNode (tsserver.js:109369:20)
    at processChildNode (tsserver.js:109429:21)
    at tsserver.js:109370:21
    at visitNode (tsserver.js:16515:24)
    at Object.forEachChild (tsserver.js:16595:21)
    at processNode (tsserver.js:109369:20)
    at processChildNode (tsserver.js:109429:21)
    at processChildNodes (tsserver.js:109480:48)
    at tsserver.js:109372:21
    at visitNodes (tsserver.js:16520:24)
    at Object.forEachChild (tsserver.js:16655:24)
    at processNode (tsserver.js:109369:20)
    at formatSpanWorker (tsserver.js:109187:17)
    at tsserver.js:109151:140
    at Object.getFormattingScanner (tsserver.js:107957:23)
    at Object.formatNodeGivenIndentation (tsserver.js:109151:31)
    at getFormattedTextOfNode (tsserver.js:111155:45)
    at format (tsserver.js:111133:52)
    at computeNewText (tsserver.js:111136:23)
    at tsserver.js:111106:89
    at Array.map (<anonymous>)
    at tsserver.js:111105:50
    at Array.map (<anonymous>)
    at Object.getTextChangesFromChanges (tsserver.js:111091:86)
    at ChangeTracker.getChanges (tsserver.js:111061:45)
    at Function.ChangeTracker.with (tsserver.js:110604:32)
    at Object.getCodeActions (tsserver.js:111943:64)
    at tsserver.js:111589:121
    at Object.flatMap (tsserver.js:571:25)
    at Object.getFixes (tsserver.js:111589:23)
    at tsserver.js:121238:35
    at Object.flatMap (tsserver.js:571:25)
    at Object.getCodeFixesAtPosition (tsserver.js:121236:23)
    at IOSession.Session.getCodeFixes (tsserver.js:130280:64)
    at Session.handlers.ts.createMapFromTemplate._a.(anonymous function) (tsserver.js:129036:61)
    at tsserver.js:130454:88
    at IOSession.Session.executeWithRequestId (tsserver.js:130445:28)
    at IOSession.Session.executeCommand (tsserver.js:130454:33)
    at IOSession.Session.onMessage (tsserver.js:130476:35)
    at Interface.<anonymous> (tsserver.js:131773:27)
    at Interface.emit (events.js:182:13)
    at Interface._onLine (readline.js:290:10)
    at Interface._normalWrite (readline.js:433:12)
    at Socket.ondata (readline.js:149:10)
    at Socket.emit (events.js:182:13)
    at addChunk (_stream_readable.js:279:12)
    at readableAddChunk (_stream_readable.js:264:11)
    at Socket.Readable.push (_stream_readable.js:219:10)
    at Pipe.onread (net.js:636:20)
	at Function.create (/usr/share/code/resources/app/extensions/typescript-language-features/dist/extension.js:1:174464)
	at v.dispatchResponse (/usr/share/code/resources/app/extensions/typescript-language-features/dist/extension.js:1:179770)
	at v.dispatchMessage (/usr/share/code/resources/app/extensions/typescript-language-features/dist/extension.js:1:178522)
	at constructor._reader.onData.e (/usr/share/code/resources/app/extensions/typescript-language-features/dist/extension.js:1:177878)
	at u.fire (/usr/share/code/resources/app/out/vs/workbench/services/extensions/node/extensionHostProcess.js:44:708)
	at t.Reader.onLengthData (/usr/share/code/resources/app/extensions/typescript-language-features/dist/extension.js:1:183738)
	at Socket.t.Reader.constructor.e.on.e (/usr/share/code/resources/app/extensions/typescript-language-features/dist/extension.js:1:183386)
	at Socket.emit (events.js:182:13)
	at addChunk (_stream_readable.js:279:12)
	at readableAddChunk (_stream_readable.js:264:11)
	at Socket.Readable.push (_stream_readable.js:219:10)
	at Pipe.onread (net.js:636:20)
[2019-05-01 17:25:19.991] [exthost] [info] ExtensionService#_doActivateExtension vscode.css-language-features {"startup":false,"activationEvent":"onLanguage:css"}
[2019-05-01 17:25:19.991] [exthost] [info] ExtensionService#loadCommonJSModule /usr/share/code/resources/app/extensions/css-language-features/client/dist/cssMain
