[2019-05-02 13:33:15.514] [sharedprocess] [info] main {"machineId":"e54ac1575232b8f9c8c78ad46fdc9d5f31e0beaab02b121bda3facbffd13f29f"}
[2019-05-02 13:33:15.584] [sharedprocess] [info] Scanned user extensions: 0
[2019-05-02 13:33:15.620] [sharedprocess] [info] Scanned user extensions: 0
[2019-05-02 13:33:15.668] [sharedprocess] [info] Scanned user extensions: 0
[2019-05-02 13:33:15.749] [sharedprocess] [info] Scanned system extensions: 72
[2019-05-02 13:33:15.754] [sharedprocess] [info] Scanned system extensions: 72
[2019-05-02 13:33:55.524] [sharedprocess] [info] Starting to clean up unused language packs.
[2019-05-02 13:38:15.679] [sharedprocess] [info] Scanned user extensions: 0
[2019-05-02 13:43:15.937] [sharedprocess] [info] Scanned user extensions: 0
[2019-05-02 13:48:15.951] [sharedprocess] [info] Scanned user extensions: 0
[2019-05-02 13:53:15.965] [sharedprocess] [info] Scanned user extensions: 0
[2019-05-02 13:54:53.151] [sharedprocess] [info] Scanned user extensions: 0
[2019-05-02 13:54:53.154] [sharedprocess] [info] Scanned user extensions: 0
[2019-05-02 13:54:53.156] [sharedprocess] [info] Scanned user extensions: 0
[2019-05-02 13:54:53.165] [sharedprocess] [info] Scanned user extensions: 0
[2019-05-02 13:54:53.234] [sharedprocess] [info] Scanned system extensions: 72
[2019-05-02 13:54:53.238] [sharedprocess] [info] Scanned system extensions: 72
[2019-05-02 13:54:53.243] [sharedprocess] [info] Scanned system extensions: 72
[2019-05-02 13:55:01.998] [sharedprocess] [info] Installing extension: esbenp.prettier-vscode
[2019-05-02 13:55:02.001] [sharedprocess] [info] Scanned user extensions: 0
[2019-05-02 13:55:12.586] [sharedprocess] [info] Downloaded extension: esbenp.prettier-vscode /tmp/9c6f114c-2940-4c39-ac00-2fb4a71f6dfe
[2019-05-02 13:55:17.207] [sharedprocess] [info] Extracted extension to /root/.vscode/extensions/.esbenp.prettier-vscode-1.9.0: esbenp.prettier-vscode
[2019-05-02 13:55:17.207] [sharedprocess] [info] Renamed to /root/.vscode/extensions/esbenp.prettier-vscode-1.9.0
[2019-05-02 13:55:17.208] [sharedprocess] [info] Installation completed. esbenp.prettier-vscode
[2019-05-02 13:55:17.245] [sharedprocess] [info] Extensions installed successfully: esbenp.prettier-vscode
[2019-05-02 13:58:15.975] [sharedprocess] [info] Scanned user extensions: 1
[2019-05-02 14:03:15.996] [sharedprocess] [info] Scanned user extensions: 1
[2019-05-02 14:08:16.015] [sharedprocess] [info] Scanned user extensions: 1
[2019-05-02 14:13:16.024] [sharedprocess] [info] Scanned user extensions: 1
[2019-05-02 14:18:16.039] [sharedprocess] [info] Scanned user extensions: 1
[2019-05-02 14:23:16.055] [sharedprocess] [info] Scanned user extensions: 1
[2019-05-02 14:28:16.073] [sharedprocess] [info] Scanned user extensions: 1
[2019-05-02 14:33:16.089] [sharedprocess] [info] Scanned user extensions: 1
[2019-05-02 14:38:16.106] [sharedprocess] [info] Scanned user extensions: 1
[2019-05-02 14:43:16.382] [sharedprocess] [info] Scanned user extensions: 1
[2019-05-02 14:48:16.401] [sharedprocess] [info] Scanned user extensions: 1
[2019-05-02 14:53:16.420] [sharedprocess] [info] Scanned user extensions: 1
[2019-05-02 14:58:16.437] [sharedprocess] [info] Scanned user extensions: 1
[2019-05-02 15:03:16.455] [sharedprocess] [info] Scanned user extensions: 1
[2019-05-02 15:08:16.470] [sharedprocess] [info] Scanned user extensions: 1
[2019-05-02 15:13:16.488] [sharedprocess] [info] Scanned user extensions: 1
[2019-05-02 15:18:16.506] [sharedprocess] [info] Scanned user extensions: 1
[2019-05-02 15:23:16.529] [sharedprocess] [info] Scanned user extensions: 1
[2019-05-02 15:28:16.547] [sharedprocess] [info] Scanned user extensions: 1
[2019-05-02 15:33:16.588] [sharedprocess] [info] Scanned user extensions: 1
[2019-05-02 15:38:16.592] [sharedprocess] [info] Scanned user extensions: 1
[2019-05-02 15:43:16.829] [sharedprocess] [info] Scanned user extensions: 1
[2019-05-02 15:48:16.839] [sharedprocess] [info] Scanned user extensions: 1
[2019-05-02 15:53:16.857] [sharedprocess] [info] Scanned user extensions: 1
[2019-05-02 15:58:16.874] [sharedprocess] [info] Scanned user extensions: 1
[2019-05-02 16:03:16.897] [sharedprocess] [info] Scanned user extensions: 1
[2019-05-02 16:08:16.915] [sharedprocess] [info] Scanned user extensions: 1
[2019-05-02 16:13:16.937] [sharedprocess] [info] Scanned user extensions: 1
[2019-05-02 16:18:16.954] [sharedprocess] [info] Scanned user extensions: 1
[2019-05-02 16:23:16.970] [sharedprocess] [info] Scanned user extensions: 1
[2019-05-02 16:28:16.987] [sharedprocess] [info] Scanned user extensions: 1
[2019-05-02 16:33:16.999] [sharedprocess] [info] Scanned user extensions: 1
[2019-05-02 16:38:17.015] [sharedprocess] [info] Scanned user extensions: 1
[2019-05-02 16:43:17.267] [sharedprocess] [info] Scanned user extensions: 1
[2019-05-02 16:48:17.277] [sharedprocess] [info] Scanned user extensions: 1
[2019-05-02 16:53:17.298] [sharedprocess] [info] Scanned user extensions: 1
[2019-05-02 16:58:17.311] [sharedprocess] [info] Scanned user extensions: 1
[2019-05-02 17:03:17.325] [sharedprocess] [info] Scanned user extensions: 1
[2019-05-02 17:08:17.333] [sharedprocess] [info] Scanned user extensions: 1
[2019-05-02 17:13:17.350] [sharedprocess] [info] Scanned user extensions: 1
[2019-05-02 17:18:17.367] [sharedprocess] [info] Scanned user extensions: 1
[2019-05-02 17:23:17.385] [sharedprocess] [info] Scanned user extensions: 1
[2019-05-02 17:28:17.401] [sharedprocess] [info] Scanned user extensions: 1
[2019-05-02 17:33:17.420] [sharedprocess] [info] Scanned user extensions: 1
[2019-05-02 17:38:17.436] [sharedprocess] [info] Scanned user extensions: 1
[2019-05-02 17:43:17.813] [sharedprocess] [info] Scanned user extensions: 1
[2019-05-02 17:48:17.832] [sharedprocess] [info] Scanned user extensions: 1
[2019-05-02 17:53:17.850] [sharedprocess] [info] Scanned user extensions: 1
[2019-05-02 17:58:17.866] [sharedprocess] [info] Scanned user extensions: 1
[2019-05-02 18:03:17.883] [sharedprocess] [info] Scanned user extensions: 1
[2019-05-02 18:08:17.890] [sharedprocess] [info] Scanned user extensions: 1
[2019-05-02 18:13:17.897] [sharedprocess] [info] Scanned user extensions: 1
[2019-05-02 18:18:17.912] [sharedprocess] [info] Scanned user extensions: 1
[2019-05-02 18:23:17.929] [sharedprocess] [info] Scanned user extensions: 1
[2019-05-02 18:28:17.941] [sharedprocess] [info] Scanned user extensions: 1
[2019-05-02 18:33:17.956] [sharedprocess] [info] Scanned user extensions: 1
[2019-05-02 18:38:17.976] [sharedprocess] [info] Scanned user extensions: 1
[2019-05-02 18:43:18.178] [sharedprocess] [info] Scanned user extensions: 1
[2019-05-02 18:48:18.193] [sharedprocess] [info] Scanned user extensions: 1
[2019-05-02 18:53:18.209] [sharedprocess] [info] Scanned user extensions: 1
[2019-05-02 18:58:18.224] [sharedprocess] [info] Scanned user extensions: 1
[2019-05-02 19:03:18.236] [sharedprocess] [info] Scanned user extensions: 1
[2019-05-02 19:08:18.250] [sharedprocess] [info] Scanned user extensions: 1
[2019-05-02 19:13:18.265] [sharedprocess] [info] Scanned user extensions: 1
[2019-05-02 19:18:18.277] [sharedprocess] [info] Scanned user extensions: 1
