[2019-05-01 10:02:41.931] [renderer1] [error] Inotify limit reached (ENOSPC)
[2019-05-01 15:07:01.172] [renderer1] [error] TypeScript Server Error (3.4.3)
Debug Failure. False expression: Token end is child end
Error: Debug Failure. False expression: Token end is child end
    at processChildNode (tsserver.js:109423:34)
    at tsserver.js:109370:21
    at visitNode (tsserver.js:16515:24)
    at Object.forEachChild (tsserver.js:16593:21)
    at processNode (tsserver.js:109369:20)
    at processChildNode (tsserver.js:109429:21)
    at processChildNodes (tsserver.js:109480:48)
    at tsserver.js:109372:21
    at visitNodes (tsserver.js:16520:24)
    at Object.forEachChild (tsserver.js:16655:24)
    at processNode (tsserver.js:109369:20)
    at processChildNode (tsserver.js:109429:21)
    at tsserver.js:109370:21
    at visitNode (tsserver.js:16515:24)
    at Object.forEachChild (tsserver.js:16580:21)
    at processNode (tsserver.js:109369:20)
    at processChildNode (tsserver.js:109429:21)
    at processChildNodes (tsserver.js:109480:48)
    at tsserver.js:109372:21
    at visitNodes (tsserver.js:16520:24)
    at Object.forEachChild (tsserver.js:16625:21)
    at processNode (tsserver.js:109369:20)
    at processChildNode (tsserver.js:109429:21)
    at tsserver.js:109370:21
    at visitNode (tsserver.js:16515:24)
    at Object.forEachChild (tsserver.js:16595:21)
    at processNode (tsserver.js:109369:20)
    at processChildNode (tsserver.js:109429:21)
    at processChildNodes (tsserver.js:109480:48)
    at tsserver.js:109372:21
    at visitNodes (tsserver.js:16520:24)
    at Object.forEachChild (tsserver.js:16655:24)
    at processNode (tsserver.js:109369:20)
    at formatSpanWorker (tsserver.js:109187:17)
    at tsserver.js:109151:140
    at Object.getFormattingScanner (tsserver.js:107957:23)
    at Object.formatNodeGivenIndentation (tsserver.js:109151:31)
    at getFormattedTextOfNode (tsserver.js:111155:45)
    at format (tsserver.js:111133:52)
    at computeNewText (tsserver.js:111136:23)
    at tsserver.js:111106:89
    at Array.map (<anonymous>)
    at tsserver.js:111105:50
    at Array.map (<anonymous>)
    at Object.getTextChangesFromChanges (tsserver.js:111091:86)
    at ChangeTracker.getChanges (tsserver.js:111061:45)
    at Function.ChangeTracker.with (tsserver.js:110604:32)
    at Object.getCodeActions (tsserver.js:111943:64)
    at tsserver.js:111589:121
    at Object.flatMap (tsserver.js:571:25)
    at Object.getFixes (tsserver.js:111589:23)
    at tsserver.js:121238:35
    at Object.flatMap (tsserver.js:571:25)
    at Object.getCodeFixesAtPosition (tsserver.js:121236:23)
    at IOSession.Session.getCodeFixes (tsserver.js:130280:64)
    at Session.handlers.ts.createMapFromTemplate._a.(anonymous function) (tsserver.js:129036:61)
    at tsserver.js:130454:88
    at IOSession.Session.executeWithRequestId (tsserver.js:130445:28)
    at IOSession.Session.executeCommand (tsserver.js:130454:33)
    at IOSession.Session.onMessage (tsserver.js:130476:35)
    at Interface.<anonymous> (tsserver.js:131773:27)
    at Interface.emit (events.js:182:13)
    at Interface._onLine (readline.js:290:10)
    at Interface._normalWrite (readline.js:433:12)
    at Socket.ondata (readline.js:149:10)
    at Socket.emit (events.js:182:13)
    at addChunk (_stream_readable.js:279:12)
    at readableAddChunk (_stream_readable.js:264:11)
    at Socket.Readable.push (_stream_readable.js:219:10)
    at Pipe.onread (net.js:636:20): Error: TypeScript Server Error (3.4.3)
Debug Failure. False expression: Token end is child end
Error: Debug Failure. False expression: Token end is child end
    at processChildNode (tsserver.js:109423:34)
    at tsserver.js:109370:21
    at visitNode (tsserver.js:16515:24)
    at Object.forEachChild (tsserver.js:16593:21)
    at processNode (tsserver.js:109369:20)
    at processChildNode (tsserver.js:109429:21)
    at processChildNodes (tsserver.js:109480:48)
    at tsserver.js:109372:21
    at visitNodes (tsserver.js:16520:24)
    at Object.forEachChild (tsserver.js:16655:24)
    at processNode (tsserver.js:109369:20)
    at processChildNode (tsserver.js:109429:21)
    at tsserver.js:109370:21
    at visitNode (tsserver.js:16515:24)
    at Object.forEachChild (tsserver.js:16580:21)
    at processNode (tsserver.js:109369:20)
    at processChildNode (tsserver.js:109429:21)
    at processChildNodes (tsserver.js:109480:48)
    at tsserver.js:109372:21
    at visitNodes (tsserver.js:16520:24)
    at Object.forEachChild (tsserver.js:16625:21)
    at processNode (tsserver.js:109369:20)
    at processChildNode (tsserver.js:109429:21)
    at tsserver.js:109370:21
    at visitNode (tsserver.js:16515:24)
    at Object.forEachChild (tsserver.js:16595:21)
    at processNode (tsserver.js:109369:20)
    at processChildNode (tsserver.js:109429:21)
    at processChildNodes (tsserver.js:109480:48)
    at tsserver.js:109372:21
    at visitNodes (tsserver.js:16520:24)
    at Object.forEachChild (tsserver.js:16655:24)
    at processNode (tsserver.js:109369:20)
    at formatSpanWorker (tsserver.js:109187:17)
    at tsserver.js:109151:140
    at Object.getFormattingScanner (tsserver.js:107957:23)
    at Object.formatNodeGivenIndentation (tsserver.js:109151:31)
    at getFormattedTextOfNode (tsserver.js:111155:45)
    at format (tsserver.js:111133:52)
    at computeNewText (tsserver.js:111136:23)
    at tsserver.js:111106:89
    at Array.map (<anonymous>)
    at tsserver.js:111105:50
    at Array.map (<anonymous>)
    at Object.getTextChangesFromChanges (tsserver.js:111091:86)
    at ChangeTracker.getChanges (tsserver.js:111061:45)
    at Function.ChangeTracker.with (tsserver.js:110604:32)
    at Object.getCodeActions (tsserver.js:111943:64)
    at tsserver.js:111589:121
    at Object.flatMap (tsserver.js:571:25)
    at Object.getFixes (tsserver.js:111589:23)
    at tsserver.js:121238:35
    at Object.flatMap (tsserver.js:571:25)
    at Object.getCodeFixesAtPosition (tsserver.js:121236:23)
    at IOSession.Session.getCodeFixes (tsserver.js:130280:64)
    at Session.handlers.ts.createMapFromTemplate._a.(anonymous function) (tsserver.js:129036:61)
    at tsserver.js:130454:88
    at IOSession.Session.executeWithRequestId (tsserver.js:130445:28)
    at IOSession.Session.executeCommand (tsserver.js:130454:33)
    at IOSession.Session.onMessage (tsserver.js:130476:35)
    at Interface.<anonymous> (tsserver.js:131773:27)
    at Interface.emit (events.js:182:13)
    at Interface._onLine (readline.js:290:10)
    at Interface._normalWrite (readline.js:433:12)
    at Socket.ondata (readline.js:149:10)
    at Socket.emit (events.js:182:13)
    at addChunk (_stream_readable.js:279:12)
    at readableAddChunk (_stream_readable.js:264:11)
    at Socket.Readable.push (_stream_readable.js:219:10)
    at Pipe.onread (net.js:636:20)
	at Function.create (/usr/share/code/resources/app/extensions/typescript-language-features/dist/extension.js:1:174464)
	at v.dispatchResponse (/usr/share/code/resources/app/extensions/typescript-language-features/dist/extension.js:1:179770)
	at v.dispatchMessage (/usr/share/code/resources/app/extensions/typescript-language-features/dist/extension.js:1:178522)
	at constructor._reader.onData.e (/usr/share/code/resources/app/extensions/typescript-language-features/dist/extension.js:1:177878)
	at u.fire (/usr/share/code/resources/app/out/vs/workbench/services/extensions/node/extensionHostProcess.js:44:708)
	at t.Reader.onLengthData (/usr/share/code/resources/app/extensions/typescript-language-features/dist/extension.js:1:183738)
	at Socket.t.Reader.constructor.e.on.e (/usr/share/code/resources/app/extensions/typescript-language-features/dist/extension.js:1:183386)
	at Socket.emit (events.js:182:13)
	at addChunk (_stream_readable.js:279:12)
	at readableAddChunk (_stream_readable.js:264:11)
	at Socket.Readable.push (_stream_readable.js:219:10)
	at Pipe.onread (net.js:636:20)
[2019-05-01 15:17:33.707] [renderer1] [error] TypeScript Server Error (3.4.3)
Debug Failure. False expression: Token end is child end
Error: Debug Failure. False expression: Token end is child end
    at processChildNode (tsserver.js:109423:34)
    at tsserver.js:109370:21
    at visitNode (tsserver.js:16515:24)
    at Object.forEachChild (tsserver.js:16593:21)
    at processNode (tsserver.js:109369:20)
    at processChildNode (tsserver.js:109429:21)
    at processChildNodes (tsserver.js:109480:48)
    at tsserver.js:109372:21
    at visitNodes (tsserver.js:16520:24)
    at Object.forEachChild (tsserver.js:16655:24)
    at processNode (tsserver.js:109369:20)
    at processChildNode (tsserver.js:109429:21)
    at tsserver.js:109370:21
    at visitNode (tsserver.js:16515:24)
    at Object.forEachChild (tsserver.js:16580:21)
    at processNode (tsserver.js:109369:20)
    at processChildNode (tsserver.js:109429:21)
    at processChildNodes (tsserver.js:109480:48)
    at tsserver.js:109372:21
    at visitNodes (tsserver.js:16520:24)
    at Object.forEachChild (tsserver.js:16625:21)
    at processNode (tsserver.js:109369:20)
    at processChildNode (tsserver.js:109429:21)
    at tsserver.js:109370:21
    at visitNode (tsserver.js:16515:24)
    at Object.forEachChild (tsserver.js:16595:21)
    at processNode (tsserver.js:109369:20)
    at processChildNode (tsserver.js:109429:21)
    at processChildNodes (tsserver.js:109480:48)
    at tsserver.js:109372:21
    at visitNodes (tsserver.js:16520:24)
    at Object.forEachChild (tsserver.js:16655:24)
    at processNode (tsserver.js:109369:20)
    at formatSpanWorker (tsserver.js:109187:17)
    at tsserver.js:109151:140
    at Object.getFormattingScanner (tsserver.js:107957:23)
    at Object.formatNodeGivenIndentation (tsserver.js:109151:31)
    at getFormattedTextOfNode (tsserver.js:111155:45)
    at format (tsserver.js:111133:52)
    at computeNewText (tsserver.js:111136:23)
    at tsserver.js:111106:89
    at Array.map (<anonymous>)
    at tsserver.js:111105:50
    at Array.map (<anonymous>)
    at Object.getTextChangesFromChanges (tsserver.js:111091:86)
    at ChangeTracker.getChanges (tsserver.js:111061:45)
    at Function.ChangeTracker.with (tsserver.js:110604:32)
    at Object.getCodeActions (tsserver.js:111943:64)
    at tsserver.js:111589:121
    at Object.flatMap (tsserver.js:571:25)
    at Object.getFixes (tsserver.js:111589:23)
    at tsserver.js:121238:35
    at Object.flatMap (tsserver.js:571:25)
    at Object.getCodeFixesAtPosition (tsserver.js:121236:23)
    at IOSession.Session.getCodeFixes (tsserver.js:130280:64)
    at Session.handlers.ts.createMapFromTemplate._a.(anonymous function) (tsserver.js:129036:61)
    at tsserver.js:130454:88
    at IOSession.Session.executeWithRequestId (tsserver.js:130445:28)
    at IOSession.Session.executeCommand (tsserver.js:130454:33)
    at IOSession.Session.onMessage (tsserver.js:130476:35)
    at Interface.<anonymous> (tsserver.js:131773:27)
    at Interface.emit (events.js:182:13)
    at Interface._onLine (readline.js:290:10)
    at Interface._normalWrite (readline.js:433:12)
    at Socket.ondata (readline.js:149:10)
    at Socket.emit (events.js:182:13)
    at addChunk (_stream_readable.js:279:12)
    at readableAddChunk (_stream_readable.js:264:11)
    at Socket.Readable.push (_stream_readable.js:219:10)
    at Pipe.onread (net.js:636:20): Error: TypeScript Server Error (3.4.3)
Debug Failure. False expression: Token end is child end
Error: Debug Failure. False expression: Token end is child end
    at processChildNode (tsserver.js:109423:34)
    at tsserver.js:109370:21
    at visitNode (tsserver.js:16515:24)
    at Object.forEachChild (tsserver.js:16593:21)
    at processNode (tsserver.js:109369:20)
    at processChildNode (tsserver.js:109429:21)
    at processChildNodes (tsserver.js:109480:48)
    at tsserver.js:109372:21
    at visitNodes (tsserver.js:16520:24)
    at Object.forEachChild (tsserver.js:16655:24)
    at processNode (tsserver.js:109369:20)
    at processChildNode (tsserver.js:109429:21)
    at tsserver.js:109370:21
    at visitNode (tsserver.js:16515:24)
    at Object.forEachChild (tsserver.js:16580:21)
    at processNode (tsserver.js:109369:20)
    at processChildNode (tsserver.js:109429:21)
    at processChildNodes (tsserver.js:109480:48)
    at tsserver.js:109372:21
    at visitNodes (tsserver.js:16520:24)
    at Object.forEachChild (tsserver.js:16625:21)
    at processNode (tsserver.js:109369:20)
    at processChildNode (tsserver.js:109429:21)
    at tsserver.js:109370:21
    at visitNode (tsserver.js:16515:24)
    at Object.forEachChild (tsserver.js:16595:21)
    at processNode (tsserver.js:109369:20)
    at processChildNode (tsserver.js:109429:21)
    at processChildNodes (tsserver.js:109480:48)
    at tsserver.js:109372:21
    at visitNodes (tsserver.js:16520:24)
    at Object.forEachChild (tsserver.js:16655:24)
    at processNode (tsserver.js:109369:20)
    at formatSpanWorker (tsserver.js:109187:17)
    at tsserver.js:109151:140
    at Object.getFormattingScanner (tsserver.js:107957:23)
    at Object.formatNodeGivenIndentation (tsserver.js:109151:31)
    at getFormattedTextOfNode (tsserver.js:111155:45)
    at format (tsserver.js:111133:52)
    at computeNewText (tsserver.js:111136:23)
    at tsserver.js:111106:89
    at Array.map (<anonymous>)
    at tsserver.js:111105:50
    at Array.map (<anonymous>)
    at Object.getTextChangesFromChanges (tsserver.js:111091:86)
    at ChangeTracker.getChanges (tsserver.js:111061:45)
    at Function.ChangeTracker.with (tsserver.js:110604:32)
    at Object.getCodeActions (tsserver.js:111943:64)
    at tsserver.js:111589:121
    at Object.flatMap (tsserver.js:571:25)
    at Object.getFixes (tsserver.js:111589:23)
    at tsserver.js:121238:35
    at Object.flatMap (tsserver.js:571:25)
    at Object.getCodeFixesAtPosition (tsserver.js:121236:23)
    at IOSession.Session.getCodeFixes (tsserver.js:130280:64)
    at Session.handlers.ts.createMapFromTemplate._a.(anonymous function) (tsserver.js:129036:61)
    at tsserver.js:130454:88
    at IOSession.Session.executeWithRequestId (tsserver.js:130445:28)
    at IOSession.Session.executeCommand (tsserver.js:130454:33)
    at IOSession.Session.onMessage (tsserver.js:130476:35)
    at Interface.<anonymous> (tsserver.js:131773:27)
    at Interface.emit (events.js:182:13)
    at Interface._onLine (readline.js:290:10)
    at Interface._normalWrite (readline.js:433:12)
    at Socket.ondata (readline.js:149:10)
    at Socket.emit (events.js:182:13)
    at addChunk (_stream_readable.js:279:12)
    at readableAddChunk (_stream_readable.js:264:11)
    at Socket.Readable.push (_stream_readable.js:219:10)
    at Pipe.onread (net.js:636:20)
	at Function.create (/usr/share/code/resources/app/extensions/typescript-language-features/dist/extension.js:1:174464)
	at v.dispatchResponse (/usr/share/code/resources/app/extensions/typescript-language-features/dist/extension.js:1:179770)
	at v.dispatchMessage (/usr/share/code/resources/app/extensions/typescript-language-features/dist/extension.js:1:178522)
	at constructor._reader.onData.e (/usr/share/code/resources/app/extensions/typescript-language-features/dist/extension.js:1:177878)
	at u.fire (/usr/share/code/resources/app/out/vs/workbench/services/extensions/node/extensionHostProcess.js:44:708)
	at t.Reader.onLengthData (/usr/share/code/resources/app/extensions/typescript-language-features/dist/extension.js:1:183738)
	at Socket.t.Reader.constructor.e.on.e (/usr/share/code/resources/app/extensions/typescript-language-features/dist/extension.js:1:183386)
	at Socket.emit (events.js:182:13)
	at addChunk (_stream_readable.js:279:12)
	at readableAddChunk (_stream_readable.js:264:11)
	at Socket.Readable.push (_stream_readable.js:219:10)
	at Pipe.onread (net.js:636:20)
[2019-05-01 16:50:45.009] [renderer1] [error] TypeScript Server Error (3.4.3)
Debug Failure. False expression: Token end is child end
Error: Debug Failure. False expression: Token end is child end
    at processChildNode (tsserver.js:109423:34)
    at tsserver.js:109370:21
    at visitNode (tsserver.js:16515:24)
    at Object.forEachChild (tsserver.js:16593:21)
    at processNode (tsserver.js:109369:20)
    at processChildNode (tsserver.js:109429:21)
    at processChildNodes (tsserver.js:109480:48)
    at tsserver.js:109372:21
    at visitNodes (tsserver.js:16520:24)
    at Object.forEachChild (tsserver.js:16655:24)
    at processNode (tsserver.js:109369:20)
    at processChildNode (tsserver.js:109429:21)
    at tsserver.js:109370:21
    at visitNode (tsserver.js:16515:24)
    at Object.forEachChild (tsserver.js:16580:21)
    at processNode (tsserver.js:109369:20)
    at processChildNode (tsserver.js:109429:21)
    at processChildNodes (tsserver.js:109480:48)
    at tsserver.js:109372:21
    at visitNodes (tsserver.js:16520:24)
    at Object.forEachChild (tsserver.js:16625:21)
    at processNode (tsserver.js:109369:20)
    at processChildNode (tsserver.js:109429:21)
    at tsserver.js:109370:21
    at visitNode (tsserver.js:16515:24)
    at Object.forEachChild (tsserver.js:16595:21)
    at processNode (tsserver.js:109369:20)
    at processChildNode (tsserver.js:109429:21)
    at processChildNodes (tsserver.js:109480:48)
    at tsserver.js:109372:21
    at visitNodes (tsserver.js:16520:24)
    at Object.forEachChild (tsserver.js:16655:24)
    at processNode (tsserver.js:109369:20)
    at formatSpanWorker (tsserver.js:109187:17)
    at tsserver.js:109151:140
    at Object.getFormattingScanner (tsserver.js:107957:23)
    at Object.formatNodeGivenIndentation (tsserver.js:109151:31)
    at getFormattedTextOfNode (tsserver.js:111155:45)
    at format (tsserver.js:111133:52)
    at computeNewText (tsserver.js:111136:23)
    at tsserver.js:111106:89
    at Array.map (<anonymous>)
    at tsserver.js:111105:50
    at Array.map (<anonymous>)
    at Object.getTextChangesFromChanges (tsserver.js:111091:86)
    at ChangeTracker.getChanges (tsserver.js:111061:45)
    at Function.ChangeTracker.with (tsserver.js:110604:32)
    at Object.getCodeActions (tsserver.js:111943:64)
    at tsserver.js:111589:121
    at Object.flatMap (tsserver.js:571:25)
    at Object.getFixes (tsserver.js:111589:23)
    at tsserver.js:121238:35
    at Object.flatMap (tsserver.js:571:25)
    at Object.getCodeFixesAtPosition (tsserver.js:121236:23)
    at IOSession.Session.getCodeFixes (tsserver.js:130280:64)
    at Session.handlers.ts.createMapFromTemplate._a.(anonymous function) (tsserver.js:129036:61)
    at tsserver.js:130454:88
    at IOSession.Session.executeWithRequestId (tsserver.js:130445:28)
    at IOSession.Session.executeCommand (tsserver.js:130454:33)
    at IOSession.Session.onMessage (tsserver.js:130476:35)
    at Interface.<anonymous> (tsserver.js:131773:27)
    at Interface.emit (events.js:182:13)
    at Interface._onLine (readline.js:290:10)
    at Interface._normalWrite (readline.js:433:12)
    at Socket.ondata (readline.js:149:10)
    at Socket.emit (events.js:182:13)
    at addChunk (_stream_readable.js:279:12)
    at readableAddChunk (_stream_readable.js:264:11)
    at Socket.Readable.push (_stream_readable.js:219:10)
    at Pipe.onread (net.js:636:20): Error: TypeScript Server Error (3.4.3)
Debug Failure. False expression: Token end is child end
Error: Debug Failure. False expression: Token end is child end
    at processChildNode (tsserver.js:109423:34)
    at tsserver.js:109370:21
    at visitNode (tsserver.js:16515:24)
    at Object.forEachChild (tsserver.js:16593:21)
    at processNode (tsserver.js:109369:20)
    at processChildNode (tsserver.js:109429:21)
    at processChildNodes (tsserver.js:109480:48)
    at tsserver.js:109372:21
    at visitNodes (tsserver.js:16520:24)
    at Object.forEachChild (tsserver.js:16655:24)
    at processNode (tsserver.js:109369:20)
    at processChildNode (tsserver.js:109429:21)
    at tsserver.js:109370:21
    at visitNode (tsserver.js:16515:24)
    at Object.forEachChild (tsserver.js:16580:21)
    at processNode (tsserver.js:109369:20)
    at processChildNode (tsserver.js:109429:21)
    at processChildNodes (tsserver.js:109480:48)
    at tsserver.js:109372:21
    at visitNodes (tsserver.js:16520:24)
    at Object.forEachChild (tsserver.js:16625:21)
    at processNode (tsserver.js:109369:20)
    at processChildNode (tsserver.js:109429:21)
    at tsserver.js:109370:21
    at visitNode (tsserver.js:16515:24)
    at Object.forEachChild (tsserver.js:16595:21)
    at processNode (tsserver.js:109369:20)
    at processChildNode (tsserver.js:109429:21)
    at processChildNodes (tsserver.js:109480:48)
    at tsserver.js:109372:21
    at visitNodes (tsserver.js:16520:24)
    at Object.forEachChild (tsserver.js:16655:24)
    at processNode (tsserver.js:109369:20)
    at formatSpanWorker (tsserver.js:109187:17)
    at tsserver.js:109151:140
    at Object.getFormattingScanner (tsserver.js:107957:23)
    at Object.formatNodeGivenIndentation (tsserver.js:109151:31)
    at getFormattedTextOfNode (tsserver.js:111155:45)
    at format (tsserver.js:111133:52)
    at computeNewText (tsserver.js:111136:23)
    at tsserver.js:111106:89
    at Array.map (<anonymous>)
    at tsserver.js:111105:50
    at Array.map (<anonymous>)
    at Object.getTextChangesFromChanges (tsserver.js:111091:86)
    at ChangeTracker.getChanges (tsserver.js:111061:45)
    at Function.ChangeTracker.with (tsserver.js:110604:32)
    at Object.getCodeActions (tsserver.js:111943:64)
    at tsserver.js:111589:121
    at Object.flatMap (tsserver.js:571:25)
    at Object.getFixes (tsserver.js:111589:23)
    at tsserver.js:121238:35
    at Object.flatMap (tsserver.js:571:25)
    at Object.getCodeFixesAtPosition (tsserver.js:121236:23)
    at IOSession.Session.getCodeFixes (tsserver.js:130280:64)
    at Session.handlers.ts.createMapFromTemplate._a.(anonymous function) (tsserver.js:129036:61)
    at tsserver.js:130454:88
    at IOSession.Session.executeWithRequestId (tsserver.js:130445:28)
    at IOSession.Session.executeCommand (tsserver.js:130454:33)
    at IOSession.Session.onMessage (tsserver.js:130476:35)
    at Interface.<anonymous> (tsserver.js:131773:27)
    at Interface.emit (events.js:182:13)
    at Interface._onLine (readline.js:290:10)
    at Interface._normalWrite (readline.js:433:12)
    at Socket.ondata (readline.js:149:10)
    at Socket.emit (events.js:182:13)
    at addChunk (_stream_readable.js:279:12)
    at readableAddChunk (_stream_readable.js:264:11)
    at Socket.Readable.push (_stream_readable.js:219:10)
    at Pipe.onread (net.js:636:20)
	at Function.create (/usr/share/code/resources/app/extensions/typescript-language-features/dist/extension.js:1:174464)
	at v.dispatchResponse (/usr/share/code/resources/app/extensions/typescript-language-features/dist/extension.js:1:179770)
	at v.dispatchMessage (/usr/share/code/resources/app/extensions/typescript-language-features/dist/extension.js:1:178522)
	at constructor._reader.onData.e (/usr/share/code/resources/app/extensions/typescript-language-features/dist/extension.js:1:177878)
	at u.fire (/usr/share/code/resources/app/out/vs/workbench/services/extensions/node/extensionHostProcess.js:44:708)
	at t.Reader.onLengthData (/usr/share/code/resources/app/extensions/typescript-language-features/dist/extension.js:1:183738)
	at Socket.t.Reader.constructor.e.on.e (/usr/share/code/resources/app/extensions/typescript-language-features/dist/extension.js:1:183386)
	at Socket.emit (events.js:182:13)
	at addChunk (_stream_readable.js:279:12)
	at readableAddChunk (_stream_readable.js:264:11)
	at Socket.Readable.push (_stream_readable.js:219:10)
	at Pipe.onread (net.js:636:20)
