Looking for git in: git
Using git 2.7.4 from git
> git rev-parse --show-toplevel
> git config --get commit.template
Open repository: /home/pk/ToDo
> git status -z -u
> git symbolic-ref --short HEAD
> git rev-parse master
> git rev-parse --symbolic-full-name master@{u}
> git rev-list --left-right master...refs/remotes/origin/master
> git for-each-ref --format %(refname) %(objectname) --sort -committerdate
> git remote --verbose
> git show :src/app/activity.ts
> git check-ignore -z --stdin
> git show :src/app/activity.ts
> git check-ignore -z --stdin
> git show :src/app/app.module.ts
> git check-ignore -z --stdin
> git check-ignore -z --stdin
> git status -z -u
> git symbolic-ref --short HEAD
> git rev-parse master
> git rev-parse --symbolic-full-name master@{u}
> git rev-list --left-right master...refs/remotes/origin/master
> git for-each-ref --format %(refname) %(objectname) --sort -committerdate
> git remote --verbose
> git show :src/app/app.module.ts
> git status -z -u
> git symbolic-ref --short HEAD
> git rev-parse master
> git rev-parse --symbolic-full-name master@{u}
> git rev-list --left-right master...refs/remotes/origin/master
> git for-each-ref --format %(refname) %(objectname) --sort -committerdate
> git remote --verbose
> git show :src/app/app.component.html
> git show :src/app/app.component.ts
> git show :src/app/app.module.ts
> git show :src/app/app.component.html
> git show :src/app/app.component.ts
> git show :src/app/app.module.ts
> git show :src/index.html
> git show :src/app/app.module.ts
> git show :src/app/auth-service.service.ts
> git ls-files --stage -- src/app/
> git show :src/app/app.component.ts
> git show :src/app/app.component.html
> git show :src/app/app-routing.module.ts
> git show :src/app/app.component.ts
> git show :src/app/app.module.ts
> git show :src/app/app.component.ts
> git show :src/app/app.component.html
> git show :src/app/app.component.ts
> git show :src/app/app.module.ts
> git show :src/app/app.component.ts
> git show :src/app/app.module.ts
> git show :src/app/app.component.ts
> git show :src/app/app.component.html
> git show :src/app/app.module.ts
> git show :src/app/app.component.html
> git show :src/app/app.module.ts
> git show :src/app/app.component.html
> git show :src/app/app.component.ts
> git show :src/app/app.module.ts
> git show :src/app/app.component.html
> git show :src/app/app-routing.module.ts
> git show :src/app/user/user.component.ts
> git ls-files --stage -- src/app/user/
> git show :src/app/user/user.component.html
> git ls-files --stage -- src/app/user/
> git show :src/app/user/user.component.ts
> git ls-files --stage -- src/app/user/
> git show :src/app/user/user.component.html
> git ls-files --stage -- src/app/user/
> git show :src/app/user/user.component.spec.ts
> git ls-files --stage -- src/app/user/
> git show :src/app/user/user.component.ts
> git ls-files --stage -- src/app/user/
> git show :src/app/user/user.component.html
> git ls-files --stage -- src/app/user/
> git show :src/app/user/user.component.ts
> git ls-files --stage -- src/app/user/
> git show :src/app/app.module.ts
> git show :src/app/app.component.ts
> git show :src/app/app.module.ts
> git show :src/app/user/user.component.ts
> git ls-files --stage -- src/app/user/
> git show :src/app/user/user.component.html
> git ls-files --stage -- src/app/user/
> git show :src/app/user/user.component.ts
> git ls-files --stage -- src/app/user/
> git show :src/app/user/user.component.html
> git ls-files --stage -- src/app/user/
> git show :src/app/user/user.component.ts
> git ls-files --stage -- src/app/user/
> git show :src/app/user/user.component.html
> git ls-files --stage -- src/app/user/
> git show :src/app/user/user.component.ts
> git ls-files --stage -- src/app/user/
> git show :src/app/activity/activity.component.ts
> git show :src/app/activity/activity.component.html
> git check-ignore -z --stdin
> git show :src/app/user/user.component.html
> git ls-files --stage -- src/app/user/
> git show :src/app/activity/activity.component.html
> git show :src/app/activity/activity.component.ts
> git show :src/app/user/user.component.ts
> git ls-files --stage -- src/app/user/
> git show :src/app/user/user.component.html
> git ls-files --stage -- src/app/user/
> git show :src/app/user/user.component.ts
> git ls-files --stage -- src/app/user/
> git show :src/app/activity/activity.component.ts
> git show :src/app/user/user.component.ts
> git ls-files --stage -- src/app/user/
> git show :src/app/activity/activity.component.html
> git show :src/app/activity/activity.component.ts
> git show :src/app/user/user.component.html
> git ls-files --stage -- src/app/user/
> git show :src/app/user/user.component.ts
> git ls-files --stage -- src/app/user/
> git show :src/app/activity/activity.component.ts
> git show :src/app/activity/activity.component.html
> git show :src/app/user/user.component.html
> git ls-files --stage -- src/app/user/
> git show :src/app/user/user.component.ts
> git ls-files --stage -- src/app/user/
> git show :src/app/activity/activity.component.ts
> git show :src/app/user/user.component.ts
> git ls-files --stage -- src/app/user/
> git show :src/app/activity/activity.component.ts
> git show :src/app/user/user.component.ts
> git ls-files --stage -- src/app/user/
> git show :src/app/activity/activity.component.ts
> git show :src/app/user/user.component.ts
> git ls-files --stage -- src/app/user/
> git show :src/app/activity/activity.component.ts
> git show :src/app/user/user.component.ts
> git ls-files --stage -- src/app/user/
> git show :src/app/activity/activity.component.ts
> git show :src/app/user/user.component.ts
> git ls-files --stage -- src/app/user/
> git show :src/app/activity/activity.component.ts
> git show :src/app/user/user.component.ts
> git ls-files --stage -- src/app/user/
> git show :src/app/user/user.component.html
> git ls-files --stage -- src/app/user/
> git show :src/app/user/user.component.ts
> git ls-files --stage -- src/app/user/
> git show :src/app/activity/activity.component.ts
> git show :src/app/user/user.component.ts
> git ls-files --stage -- src/app/user/
> git show :src/app/user/user.component.html
> git ls-files --stage -- src/app/user/
> git show :src/app/activity/activity.component.ts
> git show :src/app/activity/activity.component.html
> git show :src/app/user/user.component.ts
> git ls-files --stage -- src/app/user/
> git show :src/app/activity/activity.component.spec.ts
> git show :src/app/activity/activity.component.ts
> git show :src/app/user/user.component.ts
> git ls-files --stage -- src/app/user/
> git show :src/app/activity/activity.component.html
> git show :src/app/user/user.component.html
> git ls-files --stage -- src/app/user/
> git show :src/app/user/user.component.ts
> git ls-files --stage -- src/app/user/
> git show :src/app/activity/activity.component.html
> git show :src/app/activity/activity.component.ts
> git show :src/app/user/user.component.ts
> git ls-files --stage -- src/app/user/
> git show :src/app/activity/activity.component.ts
> git show :src/app/user/user.component.ts
> git ls-files --stage -- src/app/user/
> git show :src/app/user/user.component.spec.ts
> git ls-files --stage -- src/app/user/
> git show :src/app/user/user.component.html
> git ls-files --stage -- src/app/user/
> git show :src/app/user/user.component.ts
> git ls-files --stage -- src/app/user/
> git show :src/app/activity/activity.component.html
> git show :src/app/user/user.component.ts
> git ls-files --stage -- src/app/user/
> git show :src/app/user/user.component.html
> git ls-files --stage -- src/app/user/
> git show :src/app/activity/activity.component.html
> git show :src/app/user/user.component.spec.ts
> git ls-files --stage -- src/app/user/
> git show :src/app/user/user.component.html
> git ls-files --stage -- src/app/user/
> git show :src/app/user/user.component.ts
> git ls-files --stage -- src/app/user/
> git show :src/app/user/user.component.html
> git ls-files --stage -- src/app/user/
> git show :src/app/user/user.component.ts
> git ls-files --stage -- src/app/user/
> git show :src/app/user/user.component.html
> git ls-files --stage -- src/app/user/
> git show :src/app/user/user.component.ts
> git ls-files --stage -- src/app/user/
> git show :src/app/user/user.component.html
> git ls-files --stage -- src/app/user/
> git show :src/app/user/user.component.ts
> git ls-files --stage -- src/app/user/
> git show :src/app/user/user.component.html
> git ls-files --stage -- src/app/user/
> git show :src/app/user/user.component.ts
> git ls-files --stage -- src/app/user/
> git show :src/app/activity/activity.component.html
> git show :src/app/user/user.component.html
> git ls-files --stage -- src/app/user/
> git show :src/app/user/user.component.ts
> git ls-files --stage -- src/app/user/
> git show :src/app/app.module.ts
> git show :src/app/app.component.ts
> git show :src/app/app.module.ts
> git show :src/app/app.component.html
> git show :src/app/user/user.component.ts
> git ls-files --stage -- src/app/user/
> git show :src/app/user/user.component.html
> git ls-files --stage -- src/app/user/
> git show :src/app/user/user.component.ts
> git ls-files --stage -- src/app/user/
> git show :src/app/app.module.ts
> git show :src/app/user/user.component.ts
> git ls-files --stage -- src/app/user/
> git show :src/app/user/user.component.html
> git ls-files --stage -- src/app/user/
> git show :src/app/user/user.component.ts
> git ls-files --stage -- src/app/user/
> git show :src/app/app.component.ts
> git show :src/app/app.component.html
> git show :src/app/user/user.component.ts
> git ls-files --stage -- src/app/user/
> git show :src/app/auth-service.service.spec.ts
> git ls-files --stage -- src/app/
> git show :src/app/auth-service.service.ts
> git ls-files --stage -- src/app/
> git show :src/app/app.component.html
> git show :src/app/user/user.component.ts
> git ls-files --stage -- src/app/user/
> git show :src/app/user/user.component.html
> git ls-files --stage -- src/app/user/
> git show :src/app/user/user.component.ts
> git ls-files --stage -- src/app/user/
> git show :src/app/user/user.component.html
> git ls-files --stage -- src/app/user/
> git show :src/app/activity/activity.component.html
> git show :src/app/user/user.component.html
> git ls-files --stage -- src/app/user/
> git show :src/app/user/user.component.ts
> git ls-files --stage -- src/app/user/
> git show :src/app/user/user.component.html
> git ls-files --stage -- src/app/user/
> git show :src/app/user/user.component.ts
> git ls-files --stage -- src/app/user/
> git show :src/app/user/user.component.html
> git ls-files --stage -- src/app/user/
> git show :src/app/user/user.component.ts
> git ls-files --stage -- src/app/user/
> git show :src/app/user/user.component.html
> git ls-files --stage -- src/app/user/
> git show :src/app/activity/activity.component.html
> git show :src/app/user/user.component.html
> git ls-files --stage -- src/app/user/
> git show :src/app/user/user.component.ts
> git ls-files --stage -- src/app/user/
> git show :src/app/user/user.component.html
> git ls-files --stage -- src/app/user/
> git show :src/app/user/user.component.ts
> git ls-files --stage -- src/app/user/
> git show :src/app/app.component.ts
> git show :src/app/user/user.component.ts
> git ls-files --stage -- src/app/user/
> git show :src/app/app.module.ts
> git show :src/app/app.component.html
> git show :src/app/user/user.component.html
> git ls-files --stage -- src/app/user/
> git show :src/app/app.component.html
> git show :src/app/user/user.component.html
> git ls-files --stage -- src/app/user/
> git show :src/app/app.component.html
> git show :src/app/activity.ts
> git show :src/app/user/user.component.ts
> git ls-files --stage -- src/app/user/
> git show :src/app/user/user.component.html
> git ls-files --stage -- src/app/user/
> git show :src/app/activity/activity.component.ts
> git show :src/app/user/user.component.ts
> git ls-files --stage -- src/app/user/
> git show :src/app/user/user.component.html
> git ls-files --stage -- src/app/user/
> git show :src/app/app.component.ts
> git show :src/app/app.component.html
> git show :src/app/app.component.css
> git show :src/app/user/user.component.html
> git ls-files --stage -- src/app/user/
> git show :src/app/app.component.html
> git show :src/app/user/user.component.css
> git ls-files --stage -- src/app/user/
> git show :src/app/user/user.component.html
> git ls-files --stage -- src/app/user/
> git show :src/app/activity/activity.component.css
> git show :src/app/activity/activity.component.html
> git show :src/app/user/user.component.css
> git ls-files --stage -- src/app/user/
> git check-ignore -z --stdin
> git show :src/app/user/user.component.html
> git ls-files --stage -- src/app/user/
> git show :src/app/user/user.component.ts
> git ls-files --stage -- src/app/user/
> git show :src/app/app.component.html
> git show :src/app/activity/activity.component.html
> git show :src/app/user/user.component.html
> git ls-files --stage -- src/app/user/
> git show :src/app/app.component.html
> git show :src/app/user/user.component.html
> git ls-files --stage -- src/app/user/
> git show :src/app/app.component.html
> git show :src/app/app.component.ts
> git show :src/app/app.module.ts
> git show :src/app/user/user.component.html
> git ls-files --stage -- src/app/user/
> git show :src/app/user/user.component.ts
> git ls-files --stage -- src/app/user/
> git show :src/app/user/user.component.html
> git ls-files --stage -- src/app/user/
> git show :src/app/user/user.component.ts
> git ls-files --stage -- src/app/user/
> git show :src/app/user/user.component.html
> git ls-files --stage -- src/app/user/
> git show :src/app/auth-service.service.spec.ts
> git ls-files --stage -- src/app/
> git show :src/app/auth-service.service.ts
> git ls-files --stage -- src/app/
> git show :src/app/app.component.html
> git show :src/app/app-routing.module.ts
> git show :src/app/user/user.component.ts
> git ls-files --stage -- src/app/user/
> git show :src/app/user/user.component.css
> git ls-files --stage -- src/app/user/
> git show :src/app/user/user.component.html
> git ls-files --stage -- src/app/user/
> git show :src/app/app.component.html
> git show :src/app/app.component.ts
> git show :src/app/app.module.ts
> git show :src/app/auth-service.service.spec.ts
> git ls-files --stage -- src/app/
> git show :src/app/app.module.ts
> git show :src/app/app.component.html
> git show :src/app/app.component.ts
> git show :src/app/app.module.ts
> git show :src/app/app.component.ts
> git show :src/app/app.component.html
> git show :src/app/app.component.ts
> git show :src/app/app.module.ts
> git show :src/app/app.component.ts
> git show :src/app/app.component.html
> git show :src/app/app.module.ts
> git show :src/app/auth-service.service.spec.ts
> git ls-files --stage -- src/app/
> git show :src/app/app.component.html
> git show :src/app/app.module.ts
> git show :src/app/auth-service.service.spec.ts
> git ls-files --stage -- src/app/
> git show :src/app/app.module.ts
> git show :src/app/app.component.html
> git show :src/app/app.component.spec.ts
> git show :src/app/app.component.ts
> git show :src/app/app.module.ts
> git show :src/app/app.component.html
> git show :src/app/activity/activity.component.ts
> git show :src/app/activity/activity.component.html
> git show :src/app/user/user.component.html
> git ls-files --stage -- src/app/user/
> git show :src/app/user/user.component.ts
> git ls-files --stage -- src/app/user/
> git show :src/app/app.module.ts
> git show :src/app/app.component.html
> git show :src/app/user/user.component.html
> git ls-files --stage -- src/app/user/
> git show :src/app/app.module.ts
> git show :src/app/user/user.component.html
> git ls-files --stage -- src/app/user/
> git show :src/app/user/user.component.ts
> git ls-files --stage -- src/app/user/
> git show :src/app/user/user.component.html
> git ls-files --stage -- src/app/user/
> git show :src/app/user/user.component.ts
> git ls-files --stage -- src/app/user/
> git show :src/app/app.module.ts
> git show :src/app/user/user.component.html
> git ls-files --stage -- src/app/user/
> git show :src/app/user/user.component.ts
> git ls-files --stage -- src/app/user/
> git show :src/app/app.module.ts
> git show :src/app/app-routing.module.ts
> git show :src/app/user/user.component.ts
> git ls-files --stage -- src/app/user/
> git show :src/app/app.module.ts
> git show :src/app/user/user.component.ts
> git ls-files --stage -- src/app/user/
> git show :src/app/app.module.ts
> git show :src/app/user/user.component.spec.ts
> git ls-files --stage -- src/app/user/
> git show :src/app/user/user.component.html
> git ls-files --stage -- src/app/user/
> git show :src/app/user/user.component.ts
> git ls-files --stage -- src/app/user/
> git show :src/app/user/user.component.html
> git ls-files --stage -- src/app/user/
> git show :src/app/activity/activity.component.html
> git show :src/app/activity/activity.component.ts
> git show :src/app/user/user.component.ts
> git ls-files --stage -- src/app/user/
> git show :src/app/user/user.component.css
> git ls-files --stage -- src/app/user/
> git show :src/app/user/user.component.html
> git ls-files --stage -- src/app/user/
> git show :src/app/activity/activity.component.html
> git show :src/app/user/user.component.html
> git ls-files --stage -- src/app/user/
> git show :src/app/activity/activity.component.html
> git show :src/app/user/user.component.css
> git ls-files --stage -- src/app/user/
> git show :src/app/user/user.component.html
> git ls-files --stage -- src/app/user/
> git show :src/app/user/user.component.ts
> git ls-files --stage -- src/app/user/
> git show :src/app/activity/activity.component.html
> git show :src/app/user/user.component.html
> git ls-files --stage -- src/app/user/
> git show :src/app/app.component.html
> git show :src/app/user/user.component.html
> git ls-files --stage -- src/app/user/
> git show :src/app/user/user.component.ts
> git ls-files --stage -- src/app/user/
> git show :src/app/user/user.component.html
> git ls-files --stage -- src/app/user/
> git show :src/app/activity/activity.component.html
> git show :src/app/user/user.component.html
> git ls-files --stage -- src/app/user/
> git show :src/app/user/user.component.ts
> git ls-files --stage -- src/app/user/
> git show :src/app/app.component.html
> git show :src/app/user/user.component.html
> git ls-files --stage -- src/app/user/
> git show :src/app/user/user.component.ts
> git ls-files --stage -- src/app/user/
> git show :src/app/user/user.component.html
> git ls-files --stage -- src/app/user/
> git show :src/app/user/user.component.ts
> git ls-files --stage -- src/app/user/
> git show :src/app/user/user.component.html
> git ls-files --stage -- src/app/user/
> git show :src/app/app.component.html
> git show :src/app/user/user.component.html
> git ls-files --stage -- src/app/user/
> git show :src/app/user/app.component.html
> git ls-files --stage -- src/app/user/
> git check-ignore -z --stdin
> git show :src/app/activity/activity.component.html
> git show :src/app/user/user.component.css
> git ls-files --stage -- src/app/user/
> git show :src/app/user/user.component.html
> git ls-files --stage -- src/app/user/
> git show :src/app/user/app.component.html
> git ls-files --stage -- src/app/user/
> git show :src/app/user/user.component.html
> git ls-files --stage -- src/app/user/
> git show :src/app/user/user.component.ts
> git ls-files --stage -- src/app/user/
> git show :src/app/user/user.component.html
> git ls-files --stage -- src/app/user/
> git show :src/app/app.module.ts
> git show :src/app/user/user.component.ts
> git ls-files --stage -- src/app/user/
> git show :src/app/user/user.component.html
> git ls-files --stage -- src/app/user/
> git show :src/app/user/user.component.css
> git ls-files --stage -- src/app/user/
> git show :src/app/user/user.component.spec.ts
> git ls-files --stage -- src/app/user/
> git show :src/app/user/user.component.ts
> git ls-files --stage -- src/app/user/
> git show :src/app/user/user.component.html
> git ls-files --stage -- src/app/user/
> git show :src/app/app.module.ts
> git show :src/app/app.component.html
> git show :src/app/app.component.ts
> git show :src/app/app.module.ts
> git show :src/app/user/user.component.html
> git ls-files --stage -- src/app/user/
> git show :src/app/user/user.component.ts
> git ls-files --stage -- src/app/user/
> git show :src/app/user/user.component.html
> git ls-files --stage -- src/app/user/
> git show :src/app/app.module.ts
> git show :src/app/user/user.component.html
> git ls-files --stage -- src/app/user/
> git show :src/app/user/user.component.ts
> git ls-files --stage -- src/app/user/
> git show :src/app/app.component.ts
> git show :src/app/user/user.component.html
> git ls-files --stage -- src/app/user/
> git show :src/app/app.module.ts
> git show :src/app/app.component.html
> git show :src/app/user/user.component.html
> git ls-files --stage -- src/app/user/
> git show :src/app/app.component.html
> git show :src/app/user/user.component.html
> git ls-files --stage -- src/app/user/
> git show :src/app/app.component.html
> git show :src/app/activity/activity.component.html
> git show :src/app/user/user.component.html
> git ls-files --stage -- src/app/user/
> git show :src/app/app.component.html
> git show :src/app/app.component.ts
> git show :src/app/app.module.ts
> git show :src/app/app.component.ts
> git show :src/app/app.component.html
> git show :src/app/app.component.ts
> git show :src/app/app.module.ts
> git show :src/app/app.component.html
> git show :src/app/user/user.component.html
> git ls-files --stage -- src/app/user/
> git show :src/app/app.component.html
> git show :src/app/app.component.ts
> git show :src/app/app.module.ts
> git show :src/app/activity/activity.component.spec.ts
> git show :src/app/activity/activity.component.html
> git show :src/app/activity/activity.component.ts
> git show :src/app/user/user.component.css
> git ls-files --stage -- src/app/user/
> git show :src/app/user/user.component.html
> git ls-files --stage -- src/app/user/
> git show :src/app/app.component.html
> git show :src/app/user/user.component.css
> git ls-files --stage -- src/app/user/
> git show :src/app/user/user.component.html
> git ls-files --stage -- src/app/user/
> git show :src/app/app.component.html
> git show :src/app/app.component.ts
> git show :src/app/app.module.ts
> git show :src/app/app.component.html
> git show :src/app/app.module.ts
> git show :src/app/app.component.html
> git show :src/app/app.component.ts
> git show :src/app/app.module.ts
> git show :src/app/app.component.html
> git show :src/app/app.module.ts
> git show :src/app/app.component.ts
> git show :src/app/app.module.ts
> git show :src/app/app.component.html
> git show :src/app/app.component.ts
> git show :src/app/app.module.ts
> git show :src/app/app.component.html
> git show :src/app/user/user.component.html
> git ls-files --stage -- src/app/user/
> git show :src/app/app.component.html
> git show :src/app/user/user.component.html
> git ls-files --stage -- src/app/user/
> git show :src/app/app.component.html
> git show :src/app/user/user.component.html
> git ls-files --stage -- src/app/user/
> git show :src/app/app.component.html
> git show :src/app/user/user.component.html
> git ls-files --stage -- src/app/user/
> git show :src/app/user/user.component.ts
> git ls-files --stage -- src/app/user/
> git show :src/app/app.module.ts
> git show :src/app/user/user.component.html
> git ls-files --stage -- src/app/user/
> git show :src/app/user/logged
> git ls-files --stage -- src/app/user/
> git check-ignore -z --stdin
> git show :src/app/user/logged-in-auth-guard.ts
> git ls-files --stage -- src/app/user/
> git check-ignore -z --stdin
> git show :node_modules/@angular/router/router.d.ts
> git ls-files --stage -- node_modules/@angular/router/
> git check-ignore -z --stdin
> git check-ignore -z --stdin
> git check-ignore -z --stdin
> git show :src/app/user/logged-in-auth-guard.ts
> git ls-files --stage -- src/app/user/
> git show :src/app/user/user.component.html
> git ls-files --stage -- src/app/user/
> git show :src/app/app.module.ts
> git show :src/app/app.component.ts
> git show :src/app/app.module.ts
> git show :src/app/app.component.ts
> git check-ignore -z --stdin
> git show :src/app/app-routing.module.ts
> git check-ignore -z --stdin
> git check-ignore -z --stdin
> git show :src/app/auth/auth.guard.ts
> git ls-files --stage -- src/app/auth/
> git check-ignore -z --stdin
> git show :src/app/app-routing.module.ts
> git show :src/app/app.module.ts
> git show :src/app/auth/auth.guard.ts
> git ls-files --stage -- src/app/auth/
> git show :src/app/user/user.component.html
> git ls-files --stage -- src/app/user/
> git show :src/app/user/user.component.ts
> git ls-files --stage -- src/app/user/
> git show :src/app/app.module.ts
> git show :src/app/auth/auth.guard.ts
> git ls-files --stage -- src/app/auth/
> git show :src/app/user/user.component.ts
> git ls-files --stage -- src/app/user/
> git check-ignore -z --stdin
> git show :src/app/app.module.ts
> git show :src/app/auth/auth.guard.ts
> git ls-files --stage -- src/app/auth/
> git show :src/app/auth-service.service.ts
> git ls-files --stage -- src/app/
> git show :src/app/auth/auth.guard.ts
> git ls-files --stage -- src/app/auth/
> git show :src/app/auth-service.service.ts
> git ls-files --stage -- src/app/
> git show :src/app/auth/auth.guard.ts
> git ls-files --stage -- src/app/auth/
> git show :src/app/user/user.component.css
> git ls-files --stage -- src/app/user/
> git show :src/app/auth-service.service.ts
> git ls-files --stage -- src/app/
> git show :src/app/auth-service.service.spec.ts
> git ls-files --stage -- src/app/
> git show :src/app/auth-service.service.ts
> git ls-files --stage -- src/app/
> git show :src/app/auth/auth.guard.ts
> git ls-files --stage -- src/app/auth/
> git show :src/app/user/user.component.ts
> git ls-files --stage -- src/app/user/
> git show :src/app/auth/auth.guard.ts
> git ls-files --stage -- src/app/auth/
> git show :src/app/auth-service.service.ts
> git ls-files --stage -- src/app/
> git show :src/app/auth/auth.guard.ts
> git ls-files --stage -- src/app/auth/
> git show :src/app/user/user.component.ts
> git ls-files --stage -- src/app/user/
> git show :src/app/auth-service.service.ts
> git ls-files --stage -- src/app/
> git show :src/app/app.module.ts
> git show :src/app/auth/auth.guard.ts
> git ls-files --stage -- src/app/auth/
> git show :src/app/user/user.component.ts
> git ls-files --stage -- src/app/user/
> git show :src/app/auth-service.service.ts
> git ls-files --stage -- src/app/
> git show :src/app/app.module.ts
> git show :src/app/auth/auth.guard.ts
> git ls-files --stage -- src/app/auth/
> git show :src/app/user/user.component.ts
> git ls-files --stage -- src/app/user/
> git show :src/app/auth/auth.guard.ts
> git ls-files --stage -- src/app/auth/
> git show :src/app/user/user.component.ts
> git ls-files --stage -- src/app/user/
> git show :src/app/auth-service.service.ts
> git ls-files --stage -- src/app/
> git show :src/app/auth/auth.guard.ts
> git ls-files --stage -- src/app/auth/
> git show :src/app/user/user.component.ts
> git ls-files --stage -- src/app/user/
> git show :src/app/auth/auth.guard.ts
> git ls-files --stage -- src/app/auth/
> git show :src/app/user/user.component.ts
> git ls-files --stage -- src/app/user/
> git show :src/app/app.component.html
> git show :src/app/auth/auth.guard.ts
> git ls-files --stage -- src/app/auth/
> git show :src/app/user/user.component.spec.ts
> git ls-files --stage -- src/app/user/
> git show :src/app/user/user.component.ts
> git ls-files --stage -- src/app/user/
> git show :src/app/auth/auth.guard.ts
> git ls-files --stage -- src/app/auth/
> git show :src/app/auth-service.service.ts
> git ls-files --stage -- src/app/
> git show :src/app/auth/auth.guard.ts
> git ls-files --stage -- src/app/auth/
> git show :src/app/app.module.ts
> git show :src/app/auth-service.service.ts
> git ls-files --stage -- src/app/
> git show :src/app/auth/auth.guard.ts
> git ls-files --stage -- src/app/auth/
> git show :src/app/auth-service.service.ts
> git ls-files --stage -- src/app/
> git show :src/app/auth/auth.guard.ts
> git ls-files --stage -- src/app/auth/
> git check-ignore -z --stdin
> git show :src/app/app.module.ts
> git show :src/app/app-routing.module.ts
> git show :src/app/app.component.html
> git show :src/app/app.module.ts
> git show :src/app/user/user.component.spec.ts
> git ls-files --stage -- src/app/user/
> git show :src/app/user/user.component.ts
> git ls-files --stage -- src/app/user/
> git show :src/app/auth/auth.guard.ts
> git ls-files --stage -- src/app/auth/
> git show :src/app/app.module.ts
> git show :src/app/user/user.component.spec.ts
> git ls-files --stage -- src/app/user/
> git show :src/app/user/user.component.ts
> git ls-files --stage -- src/app/user/
> git show :src/app/app.module.ts
> git show :src/app/auth/auth.guard.ts
> git ls-files --stage -- src/app/auth/
> git show :src/app/app.module.ts
> git show :src/app/auth/auth.guard.ts
> git ls-files --stage -- src/app/auth/
> git show :src/app/app.module.ts
> git show :src/app/auth/auth.guard.ts
> git ls-files --stage -- src/app/auth/
> git show :src/app/app.module.ts
> git show :src/app/auth/auth.guard.ts
> git ls-files --stage -- src/app/auth/
> git show :src/app/user/user.component.spec.ts
> git ls-files --stage -- src/app/user/
> git show :src/app/user/user.component.ts
> git ls-files --stage -- src/app/user/
> git show :src/app/auth/auth.guard.ts
> git ls-files --stage -- src/app/auth/
> git show :src/app/login.html
> git ls-files --stage -- src/app/
> git show :src/app/auth-service.service.spec.ts
> git ls-files --stage -- src/app/
> git show :src/app/login.html
> git ls-files --stage -- src/app/
> git show :src/app/auth.service.ts
> git ls-files --stage -- src/app/
> git check-ignore -z --stdin
> git show :src/app/app.module.ts
> git show :src/app/auth.service.ts
> git ls-files --stage -- src/app/
> git show :src/app/app.module.ts
> git show :src/app/auth/auth.guard.ts
> git ls-files --stage -- src/app/auth/
> git show :src/app/app.module.ts
> git show :src/app/auth/auth.guard.ts
> git ls-files --stage -- src/app/auth/
> git show :src/app/app.module.ts
> git show :src/app/auth/auth.guard.ts
> git ls-files --stage -- src/app/auth/
> git show :src/app/auth.service.ts
> git ls-files --stage -- src/app/
> git show :src/app/app.component.html
> git show :src/app/app.component.spec.ts
> git show :src/app/app.component.ts
> git show :src/app/auth/auth.guard.ts
> git ls-files --stage -- src/app/auth/
> git check-ignore -z --stdin
> git show :src/app/service/auth.service.ts
> git ls-files --stage -- src/app/service/
> git show :src/app/auth/auth.guard.ts
> git ls-files --stage -- src/app/auth/
> git show :src/app/auth.service.ts
> git ls-files --stage -- src/app/
> git show :src/app/app.module.ts
> git show :src/app/auth/auth.guard.ts
> git ls-files --stage -- src/app/auth/
> git show :src/app/service/auth.service.ts
> git ls-files --stage -- src/app/service/
> git show :src/app/auth.service.ts
> git ls-files --stage -- src/app/
> git show :src/app/service/auth.service.ts
> git ls-files --stage -- src/app/service/
> git show :src/app/service/auth.service.spec.ts
> git ls-files --stage -- src/app/service/
> git show :src/app/auth/auth.guard.ts
> git ls-files --stage -- src/app/auth/
> git show :src/app/user/user.component.spec.ts
> git ls-files --stage -- src/app/user/
> git show :src/app/user/user.component.ts
> git ls-files --stage -- src/app/user/
> git show :src/app/auth.service.ts
> git ls-files --stage -- src/app/
> git show :src/app/user/user.component.ts
> git ls-files --stage -- src/app/user/
> git show :src/app/auth/auth.guard.ts
> git ls-files --stage -- src/app/auth/
> git show :src/app/auth.service.ts
> git ls-files --stage -- src/app/
> git show :src/app/app.module.ts
> git show :src/app/auth/auth.guard.ts
> git ls-files --stage -- src/app/auth/
> git show :src/app/auth.service.ts
> git ls-files --stage -- src/app/
> git show :src/app/app.module.ts
> git show :src/app/auth.service.ts
> git ls-files --stage -- src/app/
> git show :src/app/auth/auth.guard.ts
> git ls-files --stage -- src/app/auth/
> git show :src/app/app.module.ts
> git show :src/app/auth/auth.guard.ts
> git ls-files --stage -- src/app/auth/
> git show :src/app/auth.service.ts
> git ls-files --stage -- src/app/
> git show :src/app/activity/login2.html
> git ls-files --stage -- src/app/activity/
> git show :src/app/auth/auth.guard.ts
> git ls-files --stage -- src/app/auth/
> git show :src/app/auth.service.ts
> git ls-files --stage -- src/app/
> git show :src/app/app.component.css
> git show :src/app/app-routing.module.ts
> git show :src/app/app.component.html
> git show :src/app/user/user.component.ts
> git ls-files --stage -- src/app/user/
> git show :node_modules/firebase/index.d.ts
> git ls-files --stage -- node_modules/firebase/
> git check-ignore -z --stdin
> git check-ignore -z --stdin
> git check-ignore -z --stdin
> git show :src/app/app.module.ts
> git show :src/app/app-routing.module.ts
> git show :src/app/auth.service.ts
> git ls-files --stage -- src/app/
> git show :src/app/app.component.ts
> git show :src/app/user/user.ts
> git ls-files --stage -- src/app/user/
> git show :src/app/user/user.component.ts
> git ls-files --stage -- src/app/user/
> git show :src/app/app.module.ts
> git show :src/app/app.component.spec.ts
> git show :src/app/app.component.html
> git show :src/app/app.module.ts
> git show :src/app/auth.service.ts
> git ls-files --stage -- src/app/
> git show :src/app/app.module.ts
> git show :src/app/app.component.html
> git show :src/app/app.module.ts
> git show :src/app/user/user.component.spec.ts
> git ls-files --stage -- src/app/user/
> git show :src/app/user/user.component.ts
> git ls-files --stage -- src/app/user/
> git show :src/app/user/user.component.html
> git ls-files --stage -- src/app/user/
> git show :src/app/auth/auth.guard.ts
> git ls-files --stage -- src/app/auth/
> git show :src/app/user/user.component.ts
> git ls-files --stage -- src/app/user/
> git show :src/app/user/user.component.html
> git ls-files --stage -- src/app/user/
> git show :src/app/auth/auth.guard.ts
> git ls-files --stage -- src/app/auth/
> git show :src/app/user/user.component.ts
> git ls-files --stage -- src/app/user/
> git show :src/app/user/user.component.spec.ts
> git ls-files --stage -- src/app/user/
> git show :src/app/user/user.component.html
> git ls-files --stage -- src/app/user/
> git show :src/app/app.component.html
> git show :src/app/user/user.component.html
> git ls-files --stage -- src/app/user/
> git show :src/app/auth/auth.guard.ts
> git ls-files --stage -- src/app/auth/
> git show :src/app/auth.service.ts
> git ls-files --stage -- src/app/
> git show :src/app/app-routing.module.ts
> git show :src/app/user/user.component.ts
> git ls-files --stage -- src/app/user/
> git show :src/app/auth/auth.guard.ts
> git ls-files --stage -- src/app/auth/
> git show :src/app/app.module.ts
> git show :src/app/user/user.component.ts
> git ls-files --stage -- src/app/user/
> git show :src/app/auth/auth.guard.ts
> git ls-files --stage -- src/app/auth/
> git show :src/app/auth.service.ts
> git ls-files --stage -- src/app/
> git show :src/app/user/user.component.ts
> git ls-files --stage -- src/app/user/
> git show :src/app/activity/activity.component.html
> git show :src/app/activity/activity.component.ts
> git show :src/app/auth.service.ts
> git ls-files --stage -- src/app/
> git show :src/app/auth/auth.guard.ts
> git ls-files --stage -- src/app/auth/
> git show :src/app/auth.service.ts
> git ls-files --stage -- src/app/
> git show :src/app/user/user.component.ts
> git ls-files --stage -- src/app/user/
> git show :src/app/user/user.component.html
> git ls-files --stage -- src/app/user/
> git show :src/app/user/user.component.ts
> git ls-files --stage -- src/app/user/
> git show :src/app/user/user.component.html
> git ls-files --stage -- src/app/user/
> git show :src/app/auth/auth.guard.ts
> git ls-files --stage -- src/app/auth/
> git show :src/app/auth.service.ts
> git ls-files --stage -- src/app/
> git show :src/app/user/user.component.ts
> git ls-files --stage -- src/app/user/
> git show :src/app/app.module.ts
> git show :src/app/user/user.component.css
> git ls-files --stage -- src/app/user/
> git show :src/app/user/user.component.ts
> git ls-files --stage -- src/app/user/
> git show :src/app/app.module.ts
> git show :src/app/auth/auth.guard.ts
> git ls-files --stage -- src/app/auth/
> git show :src/app/auth.service.ts
> git ls-files --stage -- src/app/
> git show :src/app/user/user.component.spec.ts
> git ls-files --stage -- src/app/user/
> git show :src/app/user/user.component.html
> git ls-files --stage -- src/app/user/
> git show :src/app/user/user.component.ts
> git ls-files --stage -- src/app/user/
> git show :src/app/user/user.component.html
> git ls-files --stage -- src/app/user/
> git show :src/app/user/user.component.ts
> git ls-files --stage -- src/app/user/
> git show :src/app/auth/auth.guard.ts
> git ls-files --stage -- src/app/auth/
> git show :src/app/auth.service.ts
> git ls-files --stage -- src/app/
> git show :src/app/auth/auth.guard.ts
> git ls-files --stage -- src/app/auth/
> git show :src/app/user/user.component.html
> git ls-files --stage -- src/app/user/
> git show :src/app/user/user.component.ts
> git ls-files --stage -- src/app/user/
> git show :src/app/auth/auth.guard.ts
> git ls-files --stage -- src/app/auth/
> git show :src/app/user/user.component.html
> git ls-files --stage -- src/app/user/
> git show :src/app/activity/activity.component.ts
> git show :src/app/user/user.component.html
> git ls-files --stage -- src/app/user/
> git show :src/app/activity/activity.component.html
> git show :src/app/user/user.component.html
> git ls-files --stage -- src/app/user/
> git show :src/app/activity/activity.component.html
> git check-ignore -z --stdin
> git show :src/app/app.component.ts
> git show :src/app/user/user.component.html
> git ls-files --stage -- src/app/user/
> git show :src/app/activity/activity.component.html
> git show :src/app/user/user.component.html
> git ls-files --stage -- src/app/user/
> git show :src/app/auth/auth.guard.ts
> git ls-files --stage -- src/app/auth/
> git show :src/app/auth.service.ts
> git ls-files --stage -- src/app/
> git show :src/app/auth/auth.guard.ts
> git ls-files --stage -- src/app/auth/
> git show :src/app/auth.service.ts
> git ls-files --stage -- src/app/
> git show :src/app/user/user.component.ts
> git ls-files --stage -- src/app/user/
> git show :src/app/auth/auth.guard.ts
> git ls-files --stage -- src/app/auth/
> git show :src/app/auth.service.ts
> git ls-files --stage -- src/app/
> git show :src/app/auth/auth.guard.ts
> git ls-files --stage -- src/app/auth/
> git show :src/app/auth.service.ts
> git ls-files --stage -- src/app/
> git show :src/app/user/user.component.ts
> git ls-files --stage -- src/app/user/
> git show :src/app/activity/activity.component.ts
> git show :src/app/auth/auth.guard.ts
> git ls-files --stage -- src/app/auth/
> git show :src/app/auth.service.ts
> git ls-files --stage -- src/app/
> git show :src/app/auth/auth.guard.ts
> git ls-files --stage -- src/app/auth/
> git show :src/app/auth.service.ts
> git ls-files --stage -- src/app/
> git show :src/app/auth/auth.guard.ts
> git ls-files --stage -- src/app/auth/
> git show :src/app/auth.service.ts
> git ls-files --stage -- src/app/
> git show :src/app/auth/auth.guard.ts
> git ls-files --stage -- src/app/auth/
> git show :src/app/auth.service.ts
> git ls-files --stage -- src/app/
> git show :src/app/user/user.component.ts
> git ls-files --stage -- src/app/user/
> git show :src/app/app-routing.module.ts
> git show :src/app/auth/auth.guard.ts
> git ls-files --stage -- src/app/auth/
> git show :src/app/auth.service.ts
> git ls-files --stage -- src/app/
> git show :src/app/user/user.component.ts
> git ls-files --stage -- src/app/user/
> git show :src/app/auth/auth.guard.ts
> git ls-files --stage -- src/app/auth/
> git show :src/app/auth.service.ts
> git ls-files --stage -- src/app/
