Looking for git in: git
Using git 2.7.4 from git
> git rev-parse --show-toplevel
> git config --get commit.template
Open repository: /home/pk/ToDo
> git status -z -u
> git symbolic-ref --short HEAD
> git rev-parse master
> git rev-parse --symbolic-full-name master@{u}
fatal: no upstream configured for branch 'master'
> git for-each-ref --format %(refname) %(objectname) --sort -committerdate
> git remote --verbose
> git check-ignore -z --stdin
> git check-ignore -z --stdin
> git check-ignore -z --stdin
> git show :src/app/app.component.ts
> git show :src/app/app.module.ts
> git show :src/styles.css
> git status -z -u
> git symbolic-ref --short HEAD
> git rev-parse master
> git rev-parse --symbolic-full-name master@{u}
fatal: no upstream configured for branch 'master'
> git for-each-ref --format %(refname) %(objectname) --sort -committerdate
> git remote --verbose
> git show :src/app/app.module.ts
> git status -z -u
> git symbolic-ref --short HEAD
> git rev-parse master
> git rev-parse --symbolic-full-name master@{u}
fatal: no upstream configured for branch 'master'
> git for-each-ref --format %(refname) %(objectname) --sort -committerdate
> git remote --verbose
> git show :src/app/app.component.html
> git check-ignore -z --stdin
> git show :src/app/activity/activity.component.ts
> git ls-files --stage -- src/app/activity/
> git show :src/app/activity/activity.component.html
> git ls-files --stage -- src/app/activity/
> git status -z -u
> git symbolic-ref --short HEAD
> git rev-parse master
> git rev-parse --symbolic-full-name master@{u}
fatal: no upstream configured for branch 'master'
> git for-each-ref --format %(refname) %(objectname) --sort -committerdate
> git remote --verbose
> git show :src/app/app.module.ts
> git status -z -u
> git symbolic-ref --short HEAD
> git rev-parse master
> git rev-parse --symbolic-full-name master@{u}
fatal: no upstream configured for branch 'master'
> git for-each-ref --format %(refname) %(objectname) --sort -committerdate
> git remote --verbose
> git show :src/app/activity/activity.component.ts
> git ls-files --stage -- src/app/activity/
> git show :src/app/activity/activity.component.html
> git ls-files --stage -- src/app/activity/
> git show :src/app/app.component.ts
> git show :src/app/app.module.ts
> git show :src/app/activity/activity.component.html
> git ls-files --stage -- src/app/activity/
> git show :src/app/app.module.ts
> git show :src/app/activity/activity.component.ts
> git ls-files --stage -- src/app/activity/
> git show :src/app/app.component.html
> git show :src/app/app.module.ts
> git show :src/app/activity/activity.component.ts
> git ls-files --stage -- src/app/activity/
> git show :src/app/activity/activity.component.html
> git ls-files --stage -- src/app/activity/
> git show :src/app/activity/activity.component.ts
> git ls-files --stage -- src/app/activity/
> git show :src/app/app.module.ts
> git show :src/app/activity/activity.component.html
> git ls-files --stage -- src/app/activity/
> git show :src/app/activity/activity.component.ts
> git ls-files --stage -- src/app/activity/
> git show :src/app/app.module.ts
> git show :src/app/activity/activity.component.html
> git ls-files --stage -- src/app/activity/
> git show :src/app/activity/activity.component.ts
> git ls-files --stage -- src/app/activity/
> git show :src/app/app.module.ts
> git check-ignore -z --stdin
> git check-ignore -z --stdin
> git check-ignore -z --stdin
> git check-ignore -z --stdin
> git check-ignore -z --stdin
> git check-ignore -z --stdin
> git ls-tree -l HEAD -- /home/pk/ToDo/package.json
> git show f5e289954799281c649eb9b6dadf3f868eeb4a34
> git show HEAD:package.json
> git show :src/app/app.module.ts
> git show :src/app/activity/activity.component.html
> git ls-files --stage -- src/app/activity/
> git show :src/app/activity/activity.component.ts
> git ls-files --stage -- src/app/activity/
> git show :src/app/activity/activity.component.html
> git ls-files --stage -- src/app/activity/
> git show :src/app/activity/activity.component.ts
> git ls-files --stage -- src/app/activity/
> git show :src/activities.ts
> git ls-files --stage -- src/
> git show :src/app/activity/activity.component.ts
> git ls-files --stage -- src/app/activity/
> git show :src/activities.ts
> git ls-files --stage -- src/
> git show :src/app/app.component.html
> git show :src/app/app.component.ts
> git show :src/app/activity/activity.component.ts
> git ls-files --stage -- src/app/activity/
> git show :src/activities.ts
> git ls-files --stage -- src/
> git show :src/app/app.component.ts
> git show :src/app/activity/activity.component.ts
> git ls-files --stage -- src/app/activity/
> git show :src/activities.ts
> git ls-files --stage -- src/
> git show :src/app/activity/activity.component.ts
> git ls-files --stage -- src/app/activity/
> git show :src/app/activity/activity.component.html
> git ls-files --stage -- src/app/activity/
> git show :src/app/activity/activity.component.ts
> git ls-files --stage -- src/app/activity/
> git show :src/activities.ts
> git ls-files --stage -- src/
> git show :src/app/app.module.ts
> git show :src/app/app.component.ts
> git show :src/app/activity/activity.component.ts
> git ls-files --stage -- src/app/activity/
> git show :src/app/activity/activity.component.html
> git ls-files --stage -- src/app/activity/
> git show :src/app/activity/activity.component.ts
> git ls-files --stage -- src/app/activity/
> git show :src/app/app.module.ts
> git show :src/app/activity/activity.component.ts
> git ls-files --stage -- src/app/activity/
> git show :src/app/app.component.ts
> git show :src/app/app.module.ts
> git show :src/app/activity/activity.component.html
> git ls-files --stage -- src/app/activity/
> git show :tsconfig.json
> git check-ignore -z --stdin
> git check-ignore -z --stdin
> git check-ignore -z --stdin
> git check-ignore -z --stdin
> git check-ignore -z --stdin
> git check-ignore -z --stdin
> git check-ignore -z --stdin
> git show :node_modules/@angular/core/src/render3/ng_dev_mode.d.ts
> git ls-files --stage -- node_modules/@angular/core/src/render3/
> git rev-parse --show-toplevel
fatal: Not a git repository (or any of the parent directories): .git
> git show :tsconfig.json
> git check-ignore -z --stdin
> git check-ignore -z --stdin
> git show :src/app/activity/activity.component.html
> git ls-files --stage -- src/app/activity/
> git check-ignore -z --stdin
> git show :src/app/activity/activity.component.ts
> git ls-files --stage -- src/app/activity/
> git show :src/activities.ts
> git ls-files --stage -- src/
> git show :src/app/activity/activity.component.html
> git ls-files --stage -- src/app/activity/
> git show :src/activities.ts
> git ls-files --stage -- src/
> git show :src/app/activity/activity.component.html
> git ls-files --stage -- src/app/activity/
> git check-ignore -z --stdin
> git check-ignore -z --stdin
> git show :src/app/activity/activity.component.ts
> git ls-files --stage -- src/app/activity/
> git show :src/app/activity.ts
> git ls-files --stage -- src/app/
> git show :src/app/activity/activity.component.spec.ts
> git ls-files --stage -- src/app/activity/
> git show :src/app/activity/activity.component.html
> git ls-files --stage -- src/app/activity/
> git show :src/app/activity/activity.component.ts
> git ls-files --stage -- src/app/activity/
> git show :src/app/activity/activity.component.html
> git ls-files --stage -- src/app/activity/
> git show :src/app/activity/activity.component.ts
> git ls-files --stage -- src/app/activity/
> git show :src/app/activity/activity.component.spec.ts
> git ls-files --stage -- src/app/activity/
> git show :src/app/activity/activity.component.html
> git ls-files --stage -- src/app/activity/
> git show :src/app/activity/activity.component.html
> git ls-files --stage -- src/app/activity/
> git show :src/app/activity/activity.component.spec.ts
> git ls-files --stage -- src/app/activity/
> git show :src/app/activity/activity.component.ts
> git ls-files --stage -- src/app/activity/
> git show :src/activities.ts
> git ls-files --stage -- src/
> git show :src/app/app.component.ts
> git show :src/app/app.module.ts
> git show :src/app/app.component.ts
> git show :src/app/activity/activity.component.ts
> git ls-files --stage -- src/app/activity/
> git show :src/activities.ts
> git ls-files --stage -- src/
> git show :src/app/activity/activity.component.spec.ts
> git ls-files --stage -- src/app/activity/
> git show :src/app/activity/activity.component.html
> git ls-files --stage -- src/app/activity/
> git show :src/app/activity/activity.component.ts
> git ls-files --stage -- src/app/activity/
> git show :src/app/activity/activity.component.html
> git ls-files --stage -- src/app/activity/
> git show :src/app/activity/activity.component.ts
> git ls-files --stage -- src/app/activity/
> git show :src/app/activity/activity.component.html
> git ls-files --stage -- src/app/activity/
> git show :src/app/activity/activity.component.ts
> git ls-files --stage -- src/app/activity/
> git show :src/app/app.module.ts
> git show :src/app/app.component.html
> git show :src/app/activity/activity.component.html
> git ls-files --stage -- src/app/activity/
> git show :src/app/app.component.html
> git show :src/app/activity/activity.component.html
> git ls-files --stage -- src/app/activity/
> git show :src/app/activity/activity.component.css
> git ls-files --stage -- src/app/activity/
> git show :src/app/activity/activity.component.spec.ts
> git ls-files --stage -- src/app/activity/
> git show :src/app/activity/activity.component.html
> git ls-files --stage -- src/app/activity/
> git show :src/app/activity/activity.component.css
> git ls-files --stage -- src/app/activity/
> git show :src/styles.css
> git show :src/app/app.component.css
> git show :src/app/app.component.html
> git show :src/app/app.component.css
> git show :src/app/app.component.html
> git show :src/app/app.component.css
> git show :src/app/activity/activity.component.html
> git ls-files --stage -- src/app/activity/
> git show :src/app/activity/activity.component.spec.ts
> git ls-files --stage -- src/app/activity/
> git show :src/app/activity/activity.component.ts
> git ls-files --stage -- src/app/activity/
> git show :src/app/app.component.html
> git show :src/app/app.component.css
> git show :src/app/activity/activity.component.html
> git ls-files --stage -- src/app/activity/
> git show :src/app/activity/activity.component.css
> git ls-files --stage -- src/app/activity/
> git show :src/app/activity/activity.component.html
> git ls-files --stage -- src/app/activity/
> git show :src/app/activity/activity.component.ts
> git ls-files --stage -- src/app/activity/
> git show :src/app/activity.ts
> git ls-files --stage -- src/app/
> git show :src/app/activity/activity.component.ts
> git ls-files --stage -- src/app/activity/
> git show :src/app/activity/activity.component.spec.ts
> git ls-files --stage -- src/app/activity/
> git show :src/app/activity/activity.component.html
> git ls-files --stage -- src/app/activity/
> git show :src/activities.ts
> git ls-files --stage -- src/
> git show :src/app/activity/activity.component.html
> git ls-files --stage -- src/app/activity/
> git show :src/app/activity/activity.component.ts
> git ls-files --stage -- src/app/activity/
> git show :src/app/app.module.ts
> git show :src/app/activity/activity.component.html
> git ls-files --stage -- src/app/activity/
> git show :src/app/app.module.ts
> git show :src/app/activity/activity.component.html
> git ls-files --stage -- src/app/activity/
> git show :src/app/activity/activity.component.ts
> git ls-files --stage -- src/app/activity/
> git show :src/app/activity/activity.component.spec.ts
> git ls-files --stage -- src/app/activity/
> git show :src/app/activity/activity.component.html
> git ls-files --stage -- src/app/activity/
> git show :src/app/activity/activity.component.ts
> git ls-files --stage -- src/app/activity/
> git show :src/app/activity/activity.component.html
> git ls-files --stage -- src/app/activity/
> git show :src/app/activity/activity.component.ts
> git ls-files --stage -- src/app/activity/
> git show :src/app/activity/activity.component.css
> git ls-files --stage -- src/app/activity/
> git show :src/app/activity/activity.component.html
> git ls-files --stage -- src/app/activity/
> git show :src/app/activity/activity.component.css
> git ls-files --stage -- src/app/activity/
> git show :src/app/activity/activity.component.html
> git ls-files --stage -- src/app/activity/
> git show :src/app/activity/activity.component.ts
> git ls-files --stage -- src/app/activity/
> git show :src/app/activity/activity.component.html
> git ls-files --stage -- src/app/activity/
> git show :src/app/activity/activity.component.ts
> git ls-files --stage -- src/app/activity/
> git show :src/app/activity/activity.component.html
> git ls-files --stage -- src/app/activity/
> git show :src/activities.ts
> git ls-files --stage -- src/
> git show :src/app/activity/activity.component.ts
> git ls-files --stage -- src/app/activity/
> git show :src/app/activity/activity.component.html
> git ls-files --stage -- src/app/activity/
> git show :src/app/activity/activity.component.ts
> git ls-files --stage -- src/app/activity/
> git show :src/app/activity/activity.component.html
> git ls-files --stage -- src/app/activity/
> git show :src/app/app.module.ts
> git show :src/app/activity/activity.component.ts
> git ls-files --stage -- src/app/activity/
> git show :src/app/app.module.ts
> git show :src/app/activity/activity.component.ts
> git ls-files --stage -- src/app/activity/
> git show :src/app/activity/activity.component.html
> git ls-files --stage -- src/app/activity/
> git show :src/app/activity/activity.component.ts
> git ls-files --stage -- src/app/activity/
> git show :src/app/activity/activity.component.html
> git ls-files --stage -- src/app/activity/
> git show :src/app/activity/activity.component.ts
> git ls-files --stage -- src/app/activity/
> git show :src/app/activity/activity.component.html
> git ls-files --stage -- src/app/activity/
> git show :src/app/activity/activity.component.ts
> git ls-files --stage -- src/app/activity/
> git show :src/app/activity/activity.component.html
> git ls-files --stage -- src/app/activity/
> git show :src/app/activity/activity.component.ts
> git ls-files --stage -- src/app/activity/
> git show :src/app/activity/activity.component.html
> git ls-files --stage -- src/app/activity/
> git show :src/app/activity/activity.component.ts
> git ls-files --stage -- src/app/activity/
> git show :src/app/app.module.ts
> git show :src/app/activity/activity.component.ts
> git ls-files --stage -- src/app/activity/
> git show :src/app/activity/activity.component.html
> git ls-files --stage -- src/app/activity/
> git show :src/app/activity/activity.component.ts
> git ls-files --stage -- src/app/activity/
> git show :src/app/activity/activity.component.html
> git ls-files --stage -- src/app/activity/
> git show :src/app/activity/activity.component.ts
> git ls-files --stage -- src/app/activity/
> git show :src/app/activity/activity.component.html
> git ls-files --stage -- src/app/activity/
> git show :src/app/activity/activity.component.ts
> git ls-files --stage -- src/app/activity/
> git show :src/app/activity/activity.component.html
> git ls-files --stage -- src/app/activity/
> git show :src/app/app.module.ts
> git show :src/app/activity/activity.component.html
> git ls-files --stage -- src/app/activity/
> git show :src/app/app.module.ts
> git show :src/app/activity/activity.component.html
> git ls-files --stage -- src/app/activity/
> git show :src/app/activity/activity.component.ts
> git ls-files --stage -- src/app/activity/
> git show :src/app/activity/activity.component.html
> git ls-files --stage -- src/app/activity/
> git show :src/app/activity/activity.component.ts
> git ls-files --stage -- src/app/activity/
> git show :src/app/app.module.ts
> git show :src/app/activity/activity.component.ts
> git ls-files --stage -- src/app/activity/
> git show :src/app/app.module.ts
> git show :src/app/activity/activity.component.ts
> git ls-files --stage -- src/app/activity/
> git show :src/app/activity/activity.component.html
> git ls-files --stage -- src/app/activity/
> git show :src/app/activity/activity.component.ts
> git ls-files --stage -- src/app/activity/
> git show :src/app/app.module.ts
> git show :src/app/app.component.html
> git show :src/app/activity/activity.component.html
> git ls-files --stage -- src/app/activity/
> git show :src/app/activity/activity.component.ts
> git ls-files --stage -- src/app/activity/
> git show :src/app/app.module.ts
> git show :src/app/activity/activity.component.css
> git ls-files --stage -- src/app/activity/
> git show :src/app/activity/activity.component.html
> git ls-files --stage -- src/app/activity/
> git show :src/app/activity/activity.component.ts
> git ls-files --stage -- src/app/activity/
> git show :src/app/activity/activity.component.html
> git ls-files --stage -- src/app/activity/
> git show :src/app/activity/activity.component.ts
> git ls-files --stage -- src/app/activity/
> git show :src/app/activity/activity.component.html
> git ls-files --stage -- src/app/activity/
> git show :src/app/activity/activity.component.ts
> git ls-files --stage -- src/app/activity/
> git show :src/app/app.module.ts
> git show :src/app/activity/activity.component.html
> git ls-files --stage -- src/app/activity/
> git show :src/app/activity/activity.component.css
> git ls-files --stage -- src/app/activity/
> git show :src/app/activity/activity.component.ts
> git ls-files --stage -- src/app/activity/
> git show :src/app/activity/activity.component.html
> git ls-files --stage -- src/app/activity/
> git show :src/app/activity/activity.component.ts
> git ls-files --stage -- src/app/activity/
> git show :src/app/activity/activity.component.html
> git ls-files --stage -- src/app/activity/
> git show :src/app/activity/activity.component.css
> git ls-files --stage -- src/app/activity/
> git show :src/app/activity/activity.component.html
> git ls-files --stage -- src/app/activity/
> git show :src/app/activity/activity.component.css
> git ls-files --stage -- src/app/activity/
> git show :src/app/activity/activity.component.html
> git ls-files --stage -- src/app/activity/
> git show :src/app/activity/activity.component.css
> git ls-files --stage -- src/app/activity/
> git show :src/app/activity/activity.component.html
> git ls-files --stage -- src/app/activity/
> git show :src/app/activity/activity.component.ts
> git ls-files --stage -- src/app/activity/
> git show :src/app/activity/activity.component.css
> git ls-files --stage -- src/app/activity/
> git show :src/app/activity/activity.component.html
> git ls-files --stage -- src/app/activity/
> git show :src/app/activity/activity.component.css
> git ls-files --stage -- src/app/activity/
> git show :src/app/activity/activity.component.html
> git ls-files --stage -- src/app/activity/
> git show :src/app/activity/activity.component.css
> git ls-files --stage -- src/app/activity/
> git show :src/app/activity/activity.component.html
> git ls-files --stage -- src/app/activity/
> git show :src/app/activity/activity.component.css
> git ls-files --stage -- src/app/activity/
> git show :src/app/activity/activity.component.html
> git ls-files --stage -- src/app/activity/
> git show :src/app/activity/activity.component.css
> git ls-files --stage -- src/app/activity/
> git show :src/app/activity/activity.component.html
> git ls-files --stage -- src/app/activity/
> git show :src/app/app.component.html
> git show :src/app/activity/activity.component.css
> git ls-files --stage -- src/app/activity/
> git show :src/app/activity/activity.component.html
> git ls-files --stage -- src/app/activity/
> git show :src/app/activity/activity.component.css
> git ls-files --stage -- src/app/activity/
> git show :src/app/activity/activity.component.html
> git ls-files --stage -- src/app/activity/
> git show :src/app/activity/activity.component.css
> git ls-files --stage -- src/app/activity/
> git show :src/app/activity/activity.component.html
> git ls-files --stage -- src/app/activity/
> git show :src/app/activity/activity.component.css
> git ls-files --stage -- src/app/activity/
> git show :src/app/activity/activity.component.html
> git ls-files --stage -- src/app/activity/
> git show :src/app/activity/activity.component.css
> git ls-files --stage -- src/app/activity/
> git show :src/app/activity/activity.component.html
> git ls-files --stage -- src/app/activity/
> git show :src/app/activity/activity.component.css
> git ls-files --stage -- src/app/activity/
> git show :src/app/activity/activity.component.html
> git ls-files --stage -- src/app/activity/
> git show :src/app/activity/activity.component.css
> git ls-files --stage -- src/app/activity/
> git show :src/app/activity/activity.component.ts
> git ls-files --stage -- src/app/activity/
> git show :src/app/activity/activity.component.css
> git ls-files --stage -- src/app/activity/
> git show :src/app/activity/activity.component.html
> git ls-files --stage -- src/app/activity/
> git show :src/app/activity/activity.component.css
> git ls-files --stage -- src/app/activity/
> git show :src/app/activity/activity.component.html
> git ls-files --stage -- src/app/activity/
> git show :src/app/activity/activity.component.css
> git ls-files --stage -- src/app/activity/
> git show :src/app/activity/activity.component.html
> git ls-files --stage -- src/app/activity/
> git show :src/app/activity/activity.component.css
> git ls-files --stage -- src/app/activity/
> git show :src/app/activity/activity.component.ts
> git ls-files --stage -- src/app/activity/
> git show :src/app/activity/activity.component.html
> git ls-files --stage -- src/app/activity/
> git show :src/app/activity/activity.component.css
> git ls-files --stage -- src/app/activity/
> git show :src/app/activity/activity.component.html
> git ls-files --stage -- src/app/activity/
> git show :src/app/activity/activity.component.ts
> git ls-files --stage -- src/app/activity/
> git show :src/app/activity/activity.component.html
> git ls-files --stage -- src/app/activity/
> git show :src/app/app.module.ts
> git show :src/app/activity/activity.component.ts
> git ls-files --stage -- src/app/activity/
> git show :src/app/activity/activity.component.html
> git ls-files --stage -- src/app/activity/
> git show :src/app/activity/activity.component.ts
> git ls-files --stage -- src/app/activity/
> git show :src/app/activity/activity.component.html
> git ls-files --stage -- src/app/activity/
> git show :src/app/activity/activity.component.ts
> git ls-files --stage -- src/app/activity/
> git show :src/app/activity/activity.component.html
> git ls-files --stage -- src/app/activity/
> git show :src/app/activity/activity.component.css
> git ls-files --stage -- src/app/activity/
> git show :src/app/activity/activity.component.html
> git ls-files --stage -- src/app/activity/
> git show :src/app/activity/activity.component.ts
> git ls-files --stage -- src/app/activity/
> git show :src/app/activity/activity.component.html
> git ls-files --stage -- src/app/activity/
> git show :src/app/activity/activity.component.ts
> git ls-files --stage -- src/app/activity/
> git show :src/app/activity/activity.component.html
> git ls-files --stage -- src/app/activity/
> git show :src/app/activity/activity.component.ts
> git ls-files --stage -- src/app/activity/
> git show :src/app/activity/activity.component.html
> git ls-files --stage -- src/app/activity/
> git show :src/app/activity/activity.component.ts
> git ls-files --stage -- src/app/activity/
> git show :src/app/activity/activity.component.html
> git ls-files --stage -- src/app/activity/
> git show :src/app/activity/activity.component.ts
> git ls-files --stage -- src/app/activity/
> git show :src/app/activity/activity.component.html
> git ls-files --stage -- src/app/activity/
> git show :src/app/activity/activity.component.spec.ts
> git ls-files --stage -- src/app/activity/
> git show :src/app/activity/activity.component.ts
> git ls-files --stage -- src/app/activity/
> git show :src/app/activity/activity.component.html
> git ls-files --stage -- src/app/activity/
> git show :src/app/activity/activity.component.ts
> git ls-files --stage -- src/app/activity/
> git show :src/app/activity/activity.component.spec.ts
> git ls-files --stage -- src/app/activity/
> git show :src/app/activity/activity.component.html
> git ls-files --stage -- src/app/activity/
> git show :src/app/activity/activity.component.ts
> git ls-files --stage -- src/app/activity/
> git show :src/app/activity/activity.component.html
> git ls-files --stage -- src/app/activity/
> git show :src/app/activity/activity.component.ts
> git ls-files --stage -- src/app/activity/
> git show :src/app/activity/activity.component.html
> git ls-files --stage -- src/app/activity/
> git show :src/app/activity/activity.component.ts
> git ls-files --stage -- src/app/activity/
> git show :src/app/activity/activity.component.html
> git ls-files --stage -- src/app/activity/
> git show :src/app/activity/activity.component.ts
> git ls-files --stage -- src/app/activity/
> git show :src/app/activity/activity.component.html
> git ls-files --stage -- src/app/activity/
> git show :src/app/activity/activity.component.ts
> git ls-files --stage -- src/app/activity/
> git show :src/app/activity/activity.component.html
> git ls-files --stage -- src/app/activity/
> git show :src/app/activity/activity.component.ts
> git ls-files --stage -- src/app/activity/
> git show :src/app/activity/activity.component.html
> git ls-files --stage -- src/app/activity/
> git show :src/app/activity/activity.component.ts
> git ls-files --stage -- src/app/activity/
> git show :src/app/activity/activity.component.html
> git ls-files --stage -- src/app/activity/
> git show :src/app/activity/activity.component.ts
> git ls-files --stage -- src/app/activity/
> git show :src/app/activity/activity.component.html
> git ls-files --stage -- src/app/activity/
> git show :src/app/activity/activity.component.ts
> git ls-files --stage -- src/app/activity/
> git show :src/app/activity/activity.component.html
> git ls-files --stage -- src/app/activity/
> git show :src/app/activity/activity.component.ts
> git ls-files --stage -- src/app/activity/
> git show :src/app/app-routing.module.ts
> git show :src/app/activity.ts
> git ls-files --stage -- src/app/
> git show :src/app/activity/activity.component.ts
> git ls-files --stage -- src/app/activity/
> git show :src/app/activity/activity.component.html
> git ls-files --stage -- src/app/activity/
> git show :src/app/activity/activity.component.ts
> git ls-files --stage -- src/app/activity/
> git show :src/app/activity/activity.component.html
> git ls-files --stage -- src/app/activity/
> git show :src/app/activity/activity.component.ts
> git ls-files --stage -- src/app/activity/
> git show :src/activities.ts
> git ls-files --stage -- src/
> git show :src/app/activity/activity.component.ts
> git ls-files --stage -- src/app/activity/
> git show :src/app/activity/activity.component.html
> git ls-files --stage -- src/app/activity/
> git show :src/app/activity/activity.component.ts
> git ls-files --stage -- src/app/activity/
> git show :src/app/activity.ts
> git ls-files --stage -- src/app/
> git show :src/app/activity/activity.component.ts
> git ls-files --stage -- src/app/activity/
> git show :src/app/activity/activity.component.html
> git ls-files --stage -- src/app/activity/
> git show :src/app/activity/activity.component.ts
> git ls-files --stage -- src/app/activity/
> git show :src/app/activity/activity.component.spec.ts
> git ls-files --stage -- src/app/activity/
> git show :src/app/activity/activity.component.html
> git ls-files --stage -- src/app/activity/
> git show :src/app/activity/activity.component.ts
> git ls-files --stage -- src/app/activity/
> git show :src/app/activity/activity.component.html
> git ls-files --stage -- src/app/activity/
> git show :src/app/activity/activity.component.css
> git ls-files --stage -- src/app/activity/
> git show :src/app/activity/activity.component.ts
> git ls-files --stage -- src/app/activity/
> git show :src/app/activity/activity.component.spec.ts
> git ls-files --stage -- src/app/activity/
> git show :src/app/activity/activity.component.html
> git ls-files --stage -- src/app/activity/
> git show :src/app/activity/activity.component.ts
> git ls-files --stage -- src/app/activity/
> git show :src/app/activity/activity.component.html
> git ls-files --stage -- src/app/activity/
> git show :src/app/activity/activity.component.ts
> git ls-files --stage -- src/app/activity/
> git show :src/app/activity/activity.component.html
> git ls-files --stage -- src/app/activity/
> git show :src/app/activity/activity.component.ts
> git ls-files --stage -- src/app/activity/
> git show :src/app/activity/activity.component.spec.ts
> git ls-files --stage -- src/app/activity/
> git show :src/app/activity/activity.component.html
> git ls-files --stage -- src/app/activity/
> git show :src/app/activity/activity.component.ts
> git ls-files --stage -- src/app/activity/
> git show :src/app/activity.ts
> git ls-files --stage -- src/app/
> git show :src/app/activity/activity.component.ts
> git ls-files --stage -- src/app/activity/
> git show :src/app/app.module.ts
> git show :src/app/app.component.ts
> git show :src/app/activity/activity.component.ts
> git ls-files --stage -- src/app/activity/
> git show :src/app/app.module.ts
> git check-ignore -z --stdin
> git show :src/app/activity/activity.component.ts
> git ls-files --stage -- src/app/activity/
> git show :src/app/activity/activity.component.css
> git ls-files --stage -- src/app/activity/
> git show :src/app/activity/activity.component.ts
> git ls-files --stage -- src/app/activity/
> git show :src/app/app.component.ts
> git show :src/app/app.module.ts
> git show :src/app/app.component.html
> git show :src/app/app-routing.module.ts
> git show :src/app/activity/activity.component.ts
> git ls-files --stage -- src/app/activity/
> git show :src/activities.ts
> git ls-files --stage -- src/
> git show :src/app/activity/activity.component.html
> git ls-files --stage -- src/app/activity/
> git show :src/app/shared
> git ls-files --stage -- src/app/
> git check-ignore -z --stdin
> git show :src/app/activity/activity.component.html
> git ls-files --stage -- src/app/activity/
> git show :src/app/shared/custom_valida
> git ls-files --stage -- src/app/shared/
> git check-ignore -z --stdin
> git show :src/app/shared/custom_validator_required.ts
> git ls-files --stage -- src/app/shared/
> git check-ignore -z --stdin
> git show :src/app/shared/.ts
> git ls-files --stage -- src/app/shared/
> git check-ignore -z --stdin
> git show :src/app/shared/hour_validator_directive.ts
> git ls-files --stage -- src/app/shared/
> git check-ignore -z --stdin
> git show :src/app/app.component.html
> git show :src/app/app-routing.module.ts
> git show :src/app/activity/activity.component.html
> git ls-files --stage -- src/app/activity/
> git show :src/app/shared/hour_validator_directive.ts
> git ls-files --stage -- src/app/shared/
> git show :src/app/activity/activity.component.html
> git ls-files --stage -- src/app/activity/
> git show :src/app/shared/hour_validator_directive.ts
> git ls-files --stage -- src/app/shared/
> git show :src/app/app.module.ts
> git show :src/app/activity/activity.component.html
> git ls-files --stage -- src/app/activity/
> git show :src/app/activity/activity.component.ts
> git ls-files --stage -- src/app/activity/
> git show :src/app/shared/hour_validator_directive.ts
> git ls-files --stage -- src/app/shared/
> git show :src/app/app.module.ts
> git show :src/app/activity/activity.component.ts
> git ls-files --stage -- src/app/activity/
> git show :src/app/shared/hour_validator_directive.ts
> git ls-files --stage -- src/app/shared/
> git show :src/app/activity/activity.component.ts
> git ls-files --stage -- src/app/activity/
> git show :src/app/activity/activity.component.spec.ts
> git ls-files --stage -- src/app/activity/
> git show :src/app/activity/activity.component.html
> git ls-files --stage -- src/app/activity/
> git show :src/app/activity/activity.component.ts
> git ls-files --stage -- src/app/activity/
> git show :src/app/shared/hour_validator_directive.ts
> git ls-files --stage -- src/app/shared/
> git show :src/app/activity/activity.component.ts
> git ls-files --stage -- src/app/activity/
> git show :src/app/app.module.ts
> git show :src/app/activity/activity.component.ts
> git ls-files --stage -- src/app/activity/
> git show :src/app/shared/hour_validator_directive.ts
> git ls-files --stage -- src/app/shared/
> git show :src/app/app.component.ts
> git show :src/app/app.module.ts
> git show :src/app/activity/activity.component.ts
> git ls-files --stage -- src/app/activity/
> git show :src/app/shared/hour_validator_directive.ts
> git ls-files --stage -- src/app/shared/
> git show :src/app/shared/custom_valida
> git ls-files --stage -- src/app/shared/
> git show :src/app/shared/hourValidatorDirective.ts
> git ls-files --stage -- src/app/shared/
> git check-ignore -z --stdin
> git show :src/app/app.module.ts
> git show :src/app/activity/activity.component.ts
> git ls-files --stage -- src/app/activity/
> git show :src/app/activity/activity.component.html
> git ls-files --stage -- src/app/activity/
> git show :src/app/activity/activity.component.ts
> git ls-files --stage -- src/app/activity/
> git show :src/app/activity/activity.component.html
> git ls-files --stage -- src/app/activity/
> git show :src/app/activity/activity.component.ts
> git ls-files --stage -- src/app/activity/
> git show :src/app/activity/activity.component.html
> git ls-files --stage -- src/app/activity/
> git show :src/styles.css
> git show :src/app/app.component.css
> git show :src/app/app.component.html
> git show :src/app/app.component.css
> git show :src/app/app.component.html
> git show :src/app/app.component.css
> git show :src/app/app.component.html
> git show :src/app/activity/activity.component.ts
> git ls-files --stage -- src/app/activity/
> git show :src/app/activity/activity.component.html
> git ls-files --stage -- src/app/activity/
> git show :src/app/shared/hourValidatorDirective.ts
> git ls-files --stage -- src/app/shared/
> git show :src/app/app.component.html
> git show :src/app/activity/activity.component.html
> git ls-files --stage -- src/app/activity/
> git show :src/app/activity/activity.component.ts
> git ls-files --stage -- src/app/activity/
> git show :src/app/shared/hourValidatorDirective.ts
> git ls-files --stage -- src/app/shared/
> git show :src/app/activity/activity.component.ts
> git ls-files --stage -- src/app/activity/
> git show :src/app/shared/hourValidatorDirective.ts
> git ls-files --stage -- src/app/shared/
> git show :src/app/activity/activity.component.ts
> git ls-files --stage -- src/app/activity/
> git show :src/app/activity/activity.component.html
> git ls-files --stage -- src/app/activity/
> git show :src/app/activity/activity.component.ts
> git ls-files --stage -- src/app/activity/
> git show :src/app/activity/activity.component.html
> git ls-files --stage -- src/app/activity/
> git rev-parse --show-toplevel
fatal: Not a git repository (or any of the parent directories): .git
> git show :src/app/activity/activity.component.html
> git ls-files --stage -- src/app/activity/
> git show :src/app/shared/hourValidatorDirective.ts
> git ls-files --stage -- src/app/shared/
> git show :src/app/activity/activity.component.ts
> git ls-files --stage -- src/app/activity/
> git show :src/app/activity/activity.component.html
> git ls-files --stage -- src/app/activity/
> git show :src/app/activity/activity.component.ts
> git ls-files --stage -- src/app/activity/
> git show :src/app/activity/activity.component.html
> git ls-files --stage -- src/app/activity/
> git show :src/app/activity/activity.component.ts
> git ls-files --stage -- src/app/activity/
> git show :src/app/shared/hourValidatorDirective.ts
> git ls-files --stage -- src/app/shared/
> git show :src/app/activity/activity.component.html
> git ls-files --stage -- src/app/activity/
> git show :src/app/activity/activity.component.ts
> git ls-files --stage -- src/app/activity/
> git show :src/app/shared/hourValidatorDirective.ts
> git ls-files --stage -- src/app/shared/
> git show :src/app/activity/activity.component.ts
> git ls-files --stage -- src/app/activity/
> git show :src/app/shared/hourValidatorDirective.ts
> git ls-files --stage -- src/app/shared/
> git show :src/app/app.component.html
> git show :src/app/activity/activity.component.html
> git ls-files --stage -- src/app/activity/
> git show :src/app/activity/activity.component.ts
> git ls-files --stage -- src/app/activity/
> git show :src/app/shared/hourValidatorDirective.ts
> git ls-files --stage -- src/app/shared/
> git show :src/app/activity/activity.component.ts
> git ls-files --stage -- src/app/activity/
> git show :src/app/shared/hourValidatorDirective.ts
> git ls-files --stage -- src/app/shared/
> git show :src/app/activity/activity.component.ts
> git ls-files --stage -- src/app/activity/
> git show :src/app/shared/hourValidatorDirective.ts
> git ls-files --stage -- src/app/shared/
> git show :src/app/activity/activity.component.ts
> git ls-files --stage -- src/app/activity/
> git show :src/app/app.module.ts
> git show :src/app/activity/activity.component.ts
> git ls-files --stage -- src/app/activity/
> git show :src/app/app.module.ts
> git show :src/app/activity/activity.component.ts
> git ls-files --stage -- src/app/activity/
> git show :src/app/activity/activity.component.html
> git ls-files --stage -- src/app/activity/
> git show :src/app/activity/activity.component.ts
> git ls-files --stage -- src/app/activity/
> git show :src/app/app.module.ts
> git show :src/app/activity/activity.component.ts
> git ls-files --stage -- src/app/activity/
> git show :src/app/app.module.ts
> git show :src/app/activity/activity.component.ts
> git ls-files --stage -- src/app/activity/
> git show :src/app/app.module.ts
> git show :src/app/activity/activity.component.ts
> git ls-files --stage -- src/app/activity/
> git show :src/app/app.module.ts
> git show :src/app/activity/activity.component.ts
> git ls-files --stage -- src/app/activity/
> git show :src/app/activity.ts
> git ls-files --stage -- src/app/
> git show :src/app/app.module.ts
> git show :src/app/activity/activity.component.ts
> git ls-files --stage -- src/app/activity/
> git show :src/app/app.module.ts
> git show :src/app/activity/activity.component.ts
> git ls-files --stage -- src/app/activity/
> git show :src/app/activity.ts
> git ls-files --stage -- src/app/
> git show :src/app/app.module.ts
> git show :src/app/activity/activity.component.ts
> git ls-files --stage -- src/app/activity/
> git show :src/app/app.module.ts
> git show :src/app/activity/activity.component.ts
> git ls-files --stage -- src/app/activity/
> git show :src/app/activity/activity.component.html
> git ls-files --stage -- src/app/activity/
> git show :src/app/activity/activity.component.ts
> git ls-files --stage -- src/app/activity/
> git show :src/app/app.module.ts
> git show :src/app/activity/activity.component.ts
> git ls-files --stage -- src/app/activity/
> git show :src/app/app.module.ts
> git show :src/app/activity/activity.component.ts
> git ls-files --stage -- src/app/activity/
> git show :src/app/activity/activity.component.html
> git ls-files --stage -- src/app/activity/
> git show :src/app/activity/activity.component.ts
> git ls-files --stage -- src/app/activity/
> git show :src/app/activity/activity.component.html
> git ls-files --stage -- src/app/activity/
> git show :src/app/activity/activity.component.ts
> git ls-files --stage -- src/app/activity/
> git show :src/app/activity/activity.component.html
> git ls-files --stage -- src/app/activity/
> git show :src/app/activity/activity.component.ts
> git ls-files --stage -- src/app/activity/
> git show :src/app/activity/activity.component.html
> git ls-files --stage -- src/app/activity/
> git show :src/app/activity/activity.component.ts
> git ls-files --stage -- src/app/activity/
> git show :src/app/activity/activity.component.html
> git ls-files --stage -- src/app/activity/
> git show :src/app/activity/activity.component.ts
> git ls-files --stage -- src/app/activity/
> git show :src/app/activity/activity.component.html
> git ls-files --stage -- src/app/activity/
> git show :src/app/activity/activity.component.ts
> git ls-files --stage -- src/app/activity/
> git show :src/app/activity/activity.component.html
> git ls-files --stage -- src/app/activity/
> git show :src/app/activity/activity.component.ts
> git ls-files --stage -- src/app/activity/
> git show :src/app/activity/activity.component.html
> git ls-files --stage -- src/app/activity/
> git show :src/app/activity/activity.component.ts
> git ls-files --stage -- src/app/activity/
> git show :src/app/activity/activity.component.html
> git ls-files --stage -- src/app/activity/
> git show :src/app/activity/activity.component.ts
> git ls-files --stage -- src/app/activity/
> git show :src/app/activity/activity.component.html
> git ls-files --stage -- src/app/activity/
> git show :src/app/activity/activity.component.spec.ts
> git ls-files --stage -- src/app/activity/
> git show :src/app/activity/activity.component.ts
> git ls-files --stage -- src/app/activity/
> git show :src/app/activity/activity.component.html
> git ls-files --stage -- src/app/activity/
> git show :src/app/activity/activity.component.ts
> git ls-files --stage -- src/app/activity/
> git show :src/app/activity/activity.component.html
> git ls-files --stage -- src/app/activity/
> git show :src/app/activity/activity.component.ts
> git ls-files --stage -- src/app/activity/
> git show :src/app/activity/activity.component.html
> git ls-files --stage -- src/app/activity/
> git show :src/app/activity/activity.component.ts
> git ls-files --stage -- src/app/activity/
> git show :src/app/activity/activity.component.html
> git ls-files --stage -- src/app/activity/
> git show :src/app/activity/activity.component.ts
> git ls-files --stage -- src/app/activity/
> git show :src/app/activity/activity.component.html
> git ls-files --stage -- src/app/activity/
> git show :src/app/activity/activity.component.ts
> git ls-files --stage -- src/app/activity/
> git show :src/app/activity/activity.component.spec.ts
> git ls-files --stage -- src/app/activity/
> git show :src/app/activity/activity.component.html
> git ls-files --stage -- src/app/activity/
> git show :src/app/activity/activity.component.ts
> git ls-files --stage -- src/app/activity/
> git show :src/app/activity/activity.component.html
> git ls-files --stage -- src/app/activity/
> git show :src/app/activity/activity.component.ts
> git ls-files --stage -- src/app/activity/
> git show :src/app/activity/activity.component.html
> git ls-files --stage -- src/app/activity/
> git show :src/app/activity/activity.component.ts
> git ls-files --stage -- src/app/activity/
> git show :src/app/activity/activity.component.html
> git ls-files --stage -- src/app/activity/
> git show :src/app/activity/activity.component.ts
> git ls-files --stage -- src/app/activity/
> git show :src/app/app.component.spec.ts
> git show :src/app/app.component.html
> git show :src/app/activity/activity.component.html
> git ls-files --stage -- src/app/activity/
> git show :src/app/activity/activity.component.ts
> git ls-files --stage -- src/app/activity/
> git show :src/app/activity/activity.component.html
> git ls-files --stage -- src/app/activity/
> git show :src/app/activity/activity.component.ts
> git ls-files --stage -- src/app/activity/
> git show :src/app/activity/activity.component.css
> git ls-files --stage -- src/app/activity/
> git show :src/app/activity/activity.component.html
> git ls-files --stage -- src/app/activity/
> git show :src/app/activity/activity.component.ts
> git ls-files --stage -- src/app/activity/
> git show :src/app/activity/activity.component.html
> git ls-files --stage -- src/app/activity/
> git show :src/app/activity/activity.component.ts
> git ls-files --stage -- src/app/activity/
> git show :src/app/activity/activity.component.html
> git ls-files --stage -- src/app/activity/
> git show :src/app/activity/activity.component.ts
> git ls-files --stage -- src/app/activity/
> git show :src/app/activity/activity.component.html
> git ls-files --stage -- src/app/activity/
> git show :src/app/activity/activity.component.spec.ts
> git ls-files --stage -- src/app/activity/
> git show :src/app/activity/activity.component.ts
> git ls-files --stage -- src/app/activity/
> git show :src/app/activity/activity.component.html
> git ls-files --stage -- src/app/activity/
> git show :src/app/activity/activity.component.ts
> git ls-files --stage -- src/app/activity/
> git show :src/app/activity/activity.component.html
> git ls-files --stage -- src/app/activity/
> git show :src/app/activity/activity.component.ts
> git ls-files --stage -- src/app/activity/
> git show :src/app/activity/activity.component.html
> git ls-files --stage -- src/app/activity/
> git show :src/app/activity/activity.component.ts
> git ls-files --stage -- src/app/activity/
> git show :src/app/activity/activity.component.html
> git ls-files --stage -- src/app/activity/
> git show :src/app/activity/activity.component.ts
> git ls-files --stage -- src/app/activity/
> git show :src/app/activity/activity.component.html
> git ls-files --stage -- src/app/activity/
> git show :src/app/activity/activity.component.ts
> git ls-files --stage -- src/app/activity/
> git show :src/app/activity/activity.component.spec.ts
> git ls-files --stage -- src/app/activity/
> git show :src/app/activity/activity.component.ts
> git ls-files --stage -- src/app/activity/
> git show :src/app/activity/activity.component.html
> git ls-files --stage -- src/app/activity/
> git show :src/app/activity/activity.component.ts
> git ls-files --stage -- src/app/activity/
> git show :src/app/activity/activity.component.html
> git ls-files --stage -- src/app/activity/
> git show :src/app/activity/activity.component.ts
> git ls-files --stage -- src/app/activity/
> git show :src/app/activity/activity.component.html
> git ls-files --stage -- src/app/activity/
> git show :src/app/activity/activity.component.ts
> git ls-files --stage -- src/app/activity/
> git show :src/app/activity/activity.component.css
> git ls-files --stage -- src/app/activity/
> git show :src/app/app.component.css
> git show :src/app/app.component.html
> git show :src/app/activity/activity.component.html
> git ls-files --stage -- src/app/activity/
> git show :src/app/activity/activity.component.css
> git ls-files --stage -- src/app/activity/
> git show :src/app/activity/activity.component.html
> git ls-files --stage -- src/app/activity/
> git show :src/app/activity/activity.component.css
> git ls-files --stage -- src/app/activity/
> git show :src/app/activity/activity.component.html
> git ls-files --stage -- src/app/activity/
> git show :src/app/activity/activity.component.css
> git ls-files --stage -- src/app/activity/
> git show :src/app/activity/activity.component.spec.ts
> git ls-files --stage -- src/app/activity/
> git show :src/app/activity/activity.component.html
> git ls-files --stage -- src/app/activity/
> git show :src/app/activity/activity.component.ts
> git ls-files --stage -- src/app/activity/
> git show :src/app/activity/activity.component.html
> git ls-files --stage -- src/app/activity/
> git show :src/app/activity/activity.component.ts
> git ls-files --stage -- src/app/activity/
> git show :src/app/activity/activity.component.html
> git ls-files --stage -- src/app/activity/
> git show :src/app/activity/activity.component.ts
> git ls-files --stage -- src/app/activity/
> git show :src/app/activity/activity.component.html
> git ls-files --stage -- src/app/activity/
> git show :src/app/activity/activity.component.ts
> git ls-files --stage -- src/app/activity/
> git show :src/app/activity/activity.component.html
> git ls-files --stage -- src/app/activity/
> git show :src/app/activity/activity.component.css
> git ls-files --stage -- src/app/activity/
> git show :src/app/app.component.html
> git show :src/app/app.component.css
> git show :src/app/activity/activity.component.css
> git ls-files --stage -- src/app/activity/
> git show :src/app/app.component.html
> git show :src/app/app.component.css
> git show :src/app/activity/activity.component.spec.ts
> git ls-files --stage -- src/app/activity/
> git show :src/app/activity/activity.component.html
> git ls-files --stage -- src/app/activity/
> git show :src/app/activity/activity.component.css
> git ls-files --stage -- src/app/activity/
> git show :src/app/activity/activity.component.html
> git ls-files --stage -- src/app/activity/
> git show :src/app/app.component.css
> git show :src/app/activity/activity.component.html
> git ls-files --stage -- src/app/activity/
> git show :src/app/app.component.css
> git show :src/app/app.component.html
> git show :src/index.html
> git show :src/app/activity/activity.component.html
> git ls-files --stage -- src/app/activity/
> git show :src/app/activity/activity.component.css
> git ls-files --stage -- src/app/activity/
> git show :src/app/activity/activity.component.ts
> git ls-files --stage -- src/app/activity/
> git show :src/app/activity/activity.component.html
> git ls-files --stage -- src/app/activity/
> git show :src/app/app.component.css
> git show :src/app/activity/activity.component.html
> git ls-files --stage -- src/app/activity/
> git show :src/app/activity/activity.component.css
> git ls-files --stage -- src/app/activity/
> git show :src/app/activity/activity.component.html
> git ls-files --stage -- src/app/activity/
> git show :src/app/activity/activity.component.css
> git ls-files --stage -- src/app/activity/
> git show :src/app/activity/activity.component.html
> git ls-files --stage -- src/app/activity/
> git show :src/app/activity/activity.component.css
> git ls-files --stage -- src/app/activity/
> git show :src/app/activity/activity.component.html
> git ls-files --stage -- src/app/activity/
> git show :src/app/activity/activity.component.css
> git ls-files --stage -- src/app/activity/
> git show :src/app/activity/activity.component.html
> git ls-files --stage -- src/app/activity/
> git show :src/app/activity/activity.component.css
> git ls-files --stage -- src/app/activity/
> git show :src/app/activity/activity.component.html
> git ls-files --stage -- src/app/activity/
> git show :src/app/activity/activity.component.css
> git ls-files --stage -- src/app/activity/
> git show :src/app/activity/activity.component.html
> git ls-files --stage -- src/app/activity/
> git show :src/activities.ts
> git ls-files --stage -- src/
> git show :src/app/activity/activity.component.html
> git ls-files --stage -- src/app/activity/
> git show :src/app/activity/activity.component.css
> git ls-files --stage -- src/app/activity/
> git show :src/app/activity/activity.component.html
> git ls-files --stage -- src/app/activity/
> git show :src/app/activity/activity.component.css
> git ls-files --stage -- src/app/activity/
> git show :src/activities.ts
> git ls-files --stage -- src/
> git check-ignore -z --stdin
> git show :src/app/list.service.ts
> git ls-files --stage -- src/app/
> git show :src/app/activity.ts
> git ls-files --stage -- src/app/
> git show :src/app/list.service.ts
> git ls-files --stage -- src/app/
> git show :src/activities.ts
> git ls-files --stage -- src/
> git show :src/app/list.service.ts
> git ls-files --stage -- src/app/
> git show :src/activities.ts
> git ls-files --stage -- src/
> git show :src/app/list.service.ts
> git ls-files --stage -- src/app/
> git show :src/app/activity/activity.component.ts
> git ls-files --stage -- src/app/activity/
> git show :src/app/list.service.ts
> git ls-files --stage -- src/app/
> git show :src/app/activity/activity.component.ts
> git ls-files --stage -- src/app/activity/
> git show :src/app/list.service.ts
> git ls-files --stage -- src/app/
> git show :src/app/app.component.ts
> git show :src/app/activity/activity.component.ts
> git ls-files --stage -- src/app/activity/
> git show :src/app/app.module.ts
> git show :src/app/activity/activity.component.ts
> git ls-files --stage -- src/app/activity/
> git show :src/app/app.module.ts
> git show :src/app/app.component.ts
> git show :src/app/app.component.css
> git show :src/app/activity/activity.component.ts
> git ls-files --stage -- src/app/activity/
> git show :src/app/activity/activity.component.html
> git ls-files --stage -- src/app/activity/
> git show :src/app/activity/activity.component.css
> git ls-files --stage -- src/app/activity/
> git show :src/app/activity/activity.component.ts
> git ls-files --stage -- src/app/activity/
> git show :src/app/list.service.ts
> git ls-files --stage -- src/app/
> git show :src/app/activity/activity.component.ts
> git ls-files --stage -- src/app/activity/
> git show :src/app/activity/activity.component.html
> git ls-files --stage -- src/app/activity/
> git show :src/app/activity/activity.component.ts
> git ls-files --stage -- src/app/activity/
> git show :.vscode/.gitignore
> git check-ignore -z --stdin
> git status -z -u
> git symbolic-ref --short HEAD
> git rev-parse master
> git rev-parse --symbolic-full-name master@{u}
> git rev-list --left-right master...refs/remotes/origin/master
> git for-each-ref --format %(refname) %(objectname) --sort -committerdate
> git remote --verbose
> git check-ignore -z --stdin
> git status -z -u
> git symbolic-ref --short HEAD
> git rev-parse master
> git rev-parse --symbolic-full-name master@{u}
> git rev-list --left-right master...refs/remotes/origin/master
> git for-each-ref --format %(refname) %(objectname) --sort -committerdate
> git remote --verbose
> git check-ignore -z --stdin
> git check-ignore -z --stdin
> git show :.gitignore
